[WARNING] No project URL defined - decoration links will not be relativized!
[WARNING] Javadoc Warnings
[WARNING] /home/mgh/workspace/simonykees/core/src/main/java/at/splendit/simonykees/core/ui/preference/SimonykeesPreferenceManager.java:51: warning: no description for @param
[WARNING] * @param profileId
[WARNING] ^
[WARNING] /home/mgh/workspace/simonykees/core/src/main/java/at/splendit/simonykees/core/ui/preference/SimonykeesPreferenceManager.java:52: warning: no description for @param
[WARNING] * @param ruleId
[WARNING] ^
[WARNING] /home/mgh/workspace/simonykees/core/src/main/java/at/splendit/simonykees/core/ui/preference/SimonykeesPreferenceManager.java:62: warning: no description for @param
[WARNING] * @param profileId
[WARNING] ^
[WARNING] /home/mgh/workspace/simonykees/core/src/main/java/at/splendit/simonykees/core/ui/preference/SimonykeesPreferenceManager.java:72: warning: no description for @param
[WARNING] * @param profileId
[WARNING] ^
[WARNING] /home/mgh/workspace/simonykees/core/src/main/java/at/splendit/simonykees/core/ui/preference/SimonykeesPreferenceManager.java:73: warning: no description for @return
[WARNING] * @return
[WARNING] ^
[WARNING] Bundle-Vendor header not found in /home/mgh/workspace/simonykees/core/META-INF/MANIFEST.MF, fallback to 'unknown' for source bundle
[WARNING] No project URL defined - decoration links will not be relativized!
[WARNING] Javadoc Warnings
[WARNING] /home/mgh/workspace/simonykees/core/src/main/java/at/splendit/simonykees/core/ui/preference/SimonykeesPreferenceManager.java:51: warning: no description for @param
[WARNING] * @param profileId
[WARNING] ^
[WARNING] /home/mgh/workspace/simonykees/core/src/main/java/at/splendit/simonykees/core/ui/preference/SimonykeesPreferenceManager.java:52: warning: no description for @param
[WARNING] * @param ruleId
[WARNING] ^
[WARNING] /home/mgh/workspace/simonykees/core/src/main/java/at/splendit/simonykees/core/ui/preference/SimonykeesPreferenceManager.java:62: warning: no description for @param
[WARNING] * @param profileId
[WARNING] ^
[WARNING] /home/mgh/workspace/simonykees/core/src/main/java/at/splendit/simonykees/core/ui/preference/SimonykeesPreferenceManager.java:72: warning: no description for @param
[WARNING] * @param profileId
[WARNING] ^
[WARNING] /home/mgh/workspace/simonykees/core/src/main/java/at/splendit/simonykees/core/ui/preference/SimonykeesPreferenceManager.java:73: warning: no description for @return
[WARNING] * @return
[WARNING] ^
[WARNING] JAR will be empty - no content was marked for inclusion!
[WARNING] No project URL defined - decoration links will not be relativized!
[WARNING] bundle localization file /home/mgh/workspace/simonykees/test/plugin.properties not found
[WARNING] Bundle-Vendor header not found in /home/mgh/workspace/simonykees/test/META-INF/MANIFEST.MF, fallback to 'unknown' for source bundle
[WARNING] No project URL defined - decoration links will not be relativized!
[WARNING] No project URL defined - decoration links will not be relativized!
[WARNING] No project URL defined - decoration links will not be relativized!
