[1mApache Maven 3.5.2[m
Maven home: /usr/share/maven
Java version: 1.8.0_171, vendor: Oracle Corporation
Java home: /usr/lib/jvm/java-8-oracle/jre
Default locale: en_US, platform encoding: UTF-8
OS name: "linux", version: "4.15.0-20-generic", arch: "amd64", family: "unix"
[[1;36mDEBUG[m] Created new class realm maven.api
[[1;36mDEBUG[m] Importing foreign packages into class realm maven.api
[[1;36mDEBUG[m]   Imported: javax.annotation.* < plexus.core
[[1;36mDEBUG[m]   Imported: javax.enterprise.inject.* < plexus.core
[[1;36mDEBUG[m]   Imported: javax.enterprise.util.* < plexus.core
[[1;36mDEBUG[m]   Imported: javax.inject.* < plexus.core
[[1;36mDEBUG[m]   Imported: org.apache.maven.* < plexus.core
[[1;36mDEBUG[m]   Imported: org.apache.maven.artifact < plexus.core
[[1;36mDEBUG[m]   Imported: org.apache.maven.classrealm < plexus.core
[[1;36mDEBUG[m]   Imported: org.apache.maven.cli < plexus.core
[[1;36mDEBUG[m]   Imported: org.apache.maven.configuration < plexus.core
[[1;36mDEBUG[m]   Imported: org.apache.maven.exception < plexus.core
[[1;36mDEBUG[m]   Imported: org.apache.maven.execution < plexus.core
[[1;36mDEBUG[m]   Imported: org.apache.maven.execution.scope < plexus.core
[[1;36mDEBUG[m]   Imported: org.apache.maven.lifecycle < plexus.core
[[1;36mDEBUG[m]   Imported: org.apache.maven.model < plexus.core
[[1;36mDEBUG[m]   Imported: org.apache.maven.monitor < plexus.core
[[1;36mDEBUG[m]   Imported: org.apache.maven.plugin < plexus.core
[[1;36mDEBUG[m]   Imported: org.apache.maven.profiles < plexus.core
[[1;36mDEBUG[m]   Imported: org.apache.maven.project < plexus.core
[[1;36mDEBUG[m]   Imported: org.apache.maven.reporting < plexus.core
[[1;36mDEBUG[m]   Imported: org.apache.maven.repository < plexus.core
[[1;36mDEBUG[m]   Imported: org.apache.maven.rtinfo < plexus.core
[[1;36mDEBUG[m]   Imported: org.apache.maven.settings < plexus.core
[[1;36mDEBUG[m]   Imported: org.apache.maven.toolchain < plexus.core
[[1;36mDEBUG[m]   Imported: org.apache.maven.usability < plexus.core
[[1;36mDEBUG[m]   Imported: org.apache.maven.wagon.* < plexus.core
[[1;36mDEBUG[m]   Imported: org.apache.maven.wagon.authentication < plexus.core
[[1;36mDEBUG[m]   Imported: org.apache.maven.wagon.authorization < plexus.core
[[1;36mDEBUG[m]   Imported: org.apache.maven.wagon.events < plexus.core
[[1;36mDEBUG[m]   Imported: org.apache.maven.wagon.observers < plexus.core
[[1;36mDEBUG[m]   Imported: org.apache.maven.wagon.proxy < plexus.core
[[1;36mDEBUG[m]   Imported: org.apache.maven.wagon.repository < plexus.core
[[1;36mDEBUG[m]   Imported: org.apache.maven.wagon.resource < plexus.core
[[1;36mDEBUG[m]   Imported: org.codehaus.classworlds < plexus.core
[[1;36mDEBUG[m]   Imported: org.codehaus.plexus.* < plexus.core
[[1;36mDEBUG[m]   Imported: org.codehaus.plexus.classworlds < plexus.core
[[1;36mDEBUG[m]   Imported: org.codehaus.plexus.component < plexus.core
[[1;36mDEBUG[m]   Imported: org.codehaus.plexus.configuration < plexus.core
[[1;36mDEBUG[m]   Imported: org.codehaus.plexus.container < plexus.core
[[1;36mDEBUG[m]   Imported: org.codehaus.plexus.context < plexus.core
[[1;36mDEBUG[m]   Imported: org.codehaus.plexus.lifecycle < plexus.core
[[1;36mDEBUG[m]   Imported: org.codehaus.plexus.logging < plexus.core
[[1;36mDEBUG[m]   Imported: org.codehaus.plexus.personality < plexus.core
[[1;36mDEBUG[m]   Imported: org.codehaus.plexus.util.xml.Xpp3Dom < plexus.core
[[1;36mDEBUG[m]   Imported: org.codehaus.plexus.util.xml.pull.XmlPullParser < plexus.core
[[1;36mDEBUG[m]   Imported: org.codehaus.plexus.util.xml.pull.XmlPullParserException < plexus.core
[[1;36mDEBUG[m]   Imported: org.codehaus.plexus.util.xml.pull.XmlSerializer < plexus.core
[[1;36mDEBUG[m]   Imported: org.eclipse.aether.* < plexus.core
[[1;36mDEBUG[m]   Imported: org.eclipse.aether.artifact < plexus.core
[[1;36mDEBUG[m]   Imported: org.eclipse.aether.collection < plexus.core
[[1;36mDEBUG[m]   Imported: org.eclipse.aether.deployment < plexus.core
[[1;36mDEBUG[m]   Imported: org.eclipse.aether.graph < plexus.core
[[1;36mDEBUG[m]   Imported: org.eclipse.aether.impl < plexus.core
[[1;36mDEBUG[m]   Imported: org.eclipse.aether.installation < plexus.core
[[1;36mDEBUG[m]   Imported: org.eclipse.aether.internal.impl < plexus.core
[[1;36mDEBUG[m]   Imported: org.eclipse.aether.metadata < plexus.core
[[1;36mDEBUG[m]   Imported: org.eclipse.aether.repository < plexus.core
[[1;36mDEBUG[m]   Imported: org.eclipse.aether.resolution < plexus.core
[[1;36mDEBUG[m]   Imported: org.eclipse.aether.spi < plexus.core
[[1;36mDEBUG[m]   Imported: org.eclipse.aether.transfer < plexus.core
[[1;36mDEBUG[m]   Imported: org.eclipse.aether.version < plexus.core
[[1;36mDEBUG[m]   Imported: org.fusesource.jansi.* < plexus.core
[[1;36mDEBUG[m]   Imported: org.slf4j.* < plexus.core
[[1;36mDEBUG[m]   Imported: org.slf4j.helpers.* < plexus.core
[[1;36mDEBUG[m]   Imported: org.slf4j.spi.* < plexus.core
[[1;36mDEBUG[m] Populating class realm maven.api
[[1;34mINFO[m] Error stacktraces are turned on.
[[1;36mDEBUG[m] Message scheme: color
[[1;36mDEBUG[m] Message styles: [1;36mdebug[m [1;34minfo[m [1;33mwarning[m [1;31merror[m [1;32msuccess[m [1;31mfailure[m [1mstrong[m [32mmojo[m [36mproject[m
[[1;36mDEBUG[m] Reading global settings from /usr/share/maven/conf/settings.xml
[[1;36mDEBUG[m] Reading user settings from /home/mgh/.m2/settings.xml
[[1;36mDEBUG[m] Reading global toolchains from /usr/share/maven/conf/toolchains.xml
[[1;36mDEBUG[m] Reading user toolchains from /home/mgh/.m2/toolchains.xml
[[1;36mDEBUG[m] Using local repository at /home/mgh/.m2/repository
[[1;36mDEBUG[m] Using manager EnhancedLocalRepositoryManager with priority 10.0 for /home/mgh/.m2/repository
[[1;34mINFO[m] Scanning for projects...
[[1;36mDEBUG[m] Dependency collection stats: {ConflictMarker.analyzeTime=707399, ConflictMarker.markTime=337710, ConflictMarker.nodeCount=93, ConflictIdSorter.graphTime=413868, ConflictIdSorter.topsortTime=268091, ConflictIdSorter.conflictIdCount=42, ConflictIdSorter.conflictIdCycleCount=0, ConflictResolver.totalTime=4339594, ConflictResolver.conflictItemCount=92, DefaultDependencyCollector.collectTime=137441901, DefaultDependencyCollector.transformTime=7717695}
[[1;36mDEBUG[m] org.eclipse.tycho:tycho-maven-plugin:jar:1.0.0:
[[1;36mDEBUG[m]    org.eclipse.tycho:tycho-core:jar:1.0.0:compile
[[1;36mDEBUG[m]       org.apache.maven:maven-core:jar:3.0:compile
[[1;36mDEBUG[m]          org.apache.maven:maven-model:jar:3.0:compile
[[1;36mDEBUG[m]          org.apache.maven:maven-settings:jar:3.0:compile
[[1;36mDEBUG[m]          org.apache.maven:maven-settings-builder:jar:3.0:compile
[[1;36mDEBUG[m]          org.apache.maven:maven-repository-metadata:jar:3.0:compile
[[1;36mDEBUG[m]          org.apache.maven:maven-artifact:jar:3.0:compile
[[1;36mDEBUG[m]          org.apache.maven:maven-model-builder:jar:3.0:compile
[[1;36mDEBUG[m]          org.apache.maven:maven-aether-provider:jar:3.0:runtime
[[1;36mDEBUG[m]          org.sonatype.aether:aether-impl:jar:1.7:compile
[[1;36mDEBUG[m]             org.sonatype.aether:aether-spi:jar:1.7:compile
[[1;36mDEBUG[m]          org.sonatype.aether:aether-api:jar:1.7:compile
[[1;36mDEBUG[m]          org.sonatype.aether:aether-util:jar:1.7:compile
[[1;36mDEBUG[m]          org.sonatype.sisu:sisu-inject-plexus:jar:1.4.2:compile
[[1;36mDEBUG[m]             org.sonatype.sisu:sisu-inject-bean:jar:1.4.2:compile
[[1;36mDEBUG[m]                org.sonatype.sisu:sisu-guice:jar:noaop:2.1.7:compile
[[1;36mDEBUG[m]          org.codehaus.plexus:plexus-interpolation:jar:1.14:compile
[[1;36mDEBUG[m]          org.codehaus.plexus:plexus-classworlds:jar:2.2.3:compile
[[1;36mDEBUG[m]          org.sonatype.plexus:plexus-sec-dispatcher:jar:1.3:compile
[[1;36mDEBUG[m]             org.sonatype.plexus:plexus-cipher:jar:1.7:compile
[[1;36mDEBUG[m]       org.apache.maven:maven-plugin-api:jar:3.0:compile
[[1;36mDEBUG[m]       org.codehaus.plexus:plexus-utils:jar:3.0.7:compile
[[1;36mDEBUG[m]       org.codehaus.plexus:plexus-archiver:jar:2.9.1:compile
[[1;36mDEBUG[m]          org.codehaus.plexus:plexus-io:jar:2.4.1:compile
[[1;36mDEBUG[m]             commons-io:commons-io:jar:2.2:compile
[[1;36mDEBUG[m]          org.apache.commons:commons-compress:jar:1.9:compile
[[1;36mDEBUG[m]       org.eclipse.tycho:org.eclipse.osgi.compatibility.state:jar:1.0.200.v20160504-1419:compile
[[1;36mDEBUG[m]       org.eclipse.tycho:sisu-equinox-embedder:jar:1.0.0:compile
[[1;36mDEBUG[m]          org.eclipse.tycho:org.eclipse.osgi:jar:3.11.2.v20161107-1947:compile
[[1;36mDEBUG[m]          org.eclipse.tycho:sisu-equinox-api:jar:1.0.0:compile
[[1;36mDEBUG[m]       org.eclipse.tycho:tycho-metadata-model:jar:1.0.0:compile
[[1;36mDEBUG[m]          de.pdark:decentxml:jar:1.3:compile
[[1;36mDEBUG[m]       org.eclipse.tycho:tycho-embedder-api:jar:1.0.0:compile
[[1;36mDEBUG[m]          org.eclipse.tycho:org.eclipse.tycho.embedder.shared:jar:1.0.0:compile
[[1;36mDEBUG[m]       org.eclipse.tycho:org.eclipse.tycho.core.shared:jar:1.0.0:compile
[[1;36mDEBUG[m]       org.apache.maven:maven-compat:jar:3.0:compile
[[1;36mDEBUG[m]          org.apache.maven.wagon:wagon-provider-api:jar:1.0-beta-6:compile
[[1;36mDEBUG[m]    org.eclipse.tycho:tycho-p2-facade:jar:1.0.0:compile
[[1;36mDEBUG[m]       org.codehaus.plexus:plexus-component-annotations:jar:1.5.5:compile
[[1;36mDEBUG[m]       org.eclipse.tycho:org.eclipse.tycho.p2.resolver.shared:jar:1.0.0:compile
[[1;36mDEBUG[m]       org.eclipse.tycho:org.eclipse.tycho.p2.tools.shared:jar:1.0.0:compile
[[1;36mDEBUG[m] Created new class realm extension>org.eclipse.tycho:tycho-maven-plugin:1.0.0
[[1;36mDEBUG[m] Importing foreign packages into class realm extension>org.eclipse.tycho:tycho-maven-plugin:1.0.0
[[1;36mDEBUG[m]   Imported:  < maven.api
[[1;36mDEBUG[m] Populating class realm extension>org.eclipse.tycho:tycho-maven-plugin:1.0.0
[[1;36mDEBUG[m]   Included: org.eclipse.tycho:tycho-maven-plugin:jar:1.0.0
[[1;36mDEBUG[m]   Included: org.eclipse.tycho:tycho-core:jar:1.0.0
[[1;36mDEBUG[m]   Included: org.sonatype.aether:aether-util:jar:1.7
[[1;36mDEBUG[m]   Included: org.sonatype.sisu:sisu-inject-bean:jar:1.4.2
[[1;36mDEBUG[m]   Included: org.sonatype.sisu:sisu-guice:jar:noaop:2.1.7
[[1;36mDEBUG[m]   Included: org.codehaus.plexus:plexus-interpolation:jar:1.14
[[1;36mDEBUG[m]   Included: org.sonatype.plexus:plexus-sec-dispatcher:jar:1.3
[[1;36mDEBUG[m]   Included: org.sonatype.plexus:plexus-cipher:jar:1.7
[[1;36mDEBUG[m]   Included: org.codehaus.plexus:plexus-utils:jar:3.0.7
[[1;36mDEBUG[m]   Included: org.codehaus.plexus:plexus-archiver:jar:2.9.1
[[1;36mDEBUG[m]   Included: org.codehaus.plexus:plexus-io:jar:2.4.1
[[1;36mDEBUG[m]   Included: commons-io:commons-io:jar:2.2
[[1;36mDEBUG[m]   Included: org.apache.commons:commons-compress:jar:1.9
[[1;36mDEBUG[m]   Included: org.eclipse.tycho:org.eclipse.osgi.compatibility.state:jar:1.0.200.v20160504-1419
[[1;36mDEBUG[m]   Included: org.eclipse.tycho:sisu-equinox-embedder:jar:1.0.0
[[1;36mDEBUG[m]   Included: org.eclipse.tycho:org.eclipse.osgi:jar:3.11.2.v20161107-1947
[[1;36mDEBUG[m]   Included: org.eclipse.tycho:sisu-equinox-api:jar:1.0.0
[[1;36mDEBUG[m]   Included: org.eclipse.tycho:tycho-metadata-model:jar:1.0.0
[[1;36mDEBUG[m]   Included: de.pdark:decentxml:jar:1.3
[[1;36mDEBUG[m]   Included: org.eclipse.tycho:tycho-embedder-api:jar:1.0.0
[[1;36mDEBUG[m]   Included: org.eclipse.tycho:org.eclipse.tycho.embedder.shared:jar:1.0.0
[[1;36mDEBUG[m]   Included: org.eclipse.tycho:org.eclipse.tycho.core.shared:jar:1.0.0
[[1;36mDEBUG[m]   Included: org.eclipse.tycho:tycho-p2-facade:jar:1.0.0
[[1;36mDEBUG[m]   Included: org.codehaus.plexus:plexus-component-annotations:jar:1.5.5
[[1;36mDEBUG[m]   Included: org.eclipse.tycho:org.eclipse.tycho.p2.resolver.shared:jar:1.0.0
[[1;36mDEBUG[m]   Included: org.eclipse.tycho:org.eclipse.tycho.p2.tools.shared:jar:1.0.0
[[1;36mDEBUG[m] Extension realms for project at.splendit:eu.jsparrow:pom:2.5.1-SNAPSHOT: [ClassRealm[extension>org.eclipse.tycho:tycho-maven-plugin:1.0.0, parent: sun.misc.Launcher$AppClassLoader@5c647e05]]
[[1;36mDEBUG[m] Created new class realm project>at.splendit:eu.jsparrow:2.5.1-SNAPSHOT
[[1;36mDEBUG[m] Populating class realm project>at.splendit:eu.jsparrow:2.5.1-SNAPSHOT
[[1;36mDEBUG[m] Looking up lifecycle mappings for packaging pom from ClassRealm[project>at.splendit:eu.jsparrow:2.5.1-SNAPSHOT, parent: ClassRealm[maven.api, parent: null]]
[[1;36mDEBUG[m] Extension realms for project at.splendit:releng:pom:2.5.1-SNAPSHOT: [ClassRealm[extension>org.eclipse.tycho:tycho-maven-plugin:1.0.0, parent: sun.misc.Launcher$AppClassLoader@5c647e05]]
[[1;36mDEBUG[m] Looking up lifecycle mappings for packaging pom from ClassRealm[project>at.splendit:eu.jsparrow:2.5.1-SNAPSHOT, parent: ClassRealm[maven.api, parent: null]]
[[1;36mDEBUG[m] Dependency collection stats: {ConflictMarker.analyzeTime=223470, ConflictMarker.markTime=110174, ConflictMarker.nodeCount=93, ConflictIdSorter.graphTime=121393, ConflictIdSorter.topsortTime=30942, ConflictIdSorter.conflictIdCount=42, ConflictIdSorter.conflictIdCycleCount=0, ConflictResolver.totalTime=1032718, ConflictResolver.conflictItemCount=92, DefaultDependencyCollector.collectTime=6293443, DefaultDependencyCollector.transformTime=1539670}
[[1;36mDEBUG[m] org.eclipse.tycho:tycho-maven-plugin:jar:1.0.0:
[[1;36mDEBUG[m]    org.eclipse.tycho:tycho-core:jar:1.0.0:compile
[[1;36mDEBUG[m]       org.apache.maven:maven-core:jar:3.0:compile
[[1;36mDEBUG[m]          org.apache.maven:maven-model:jar:3.0:compile
[[1;36mDEBUG[m]          org.apache.maven:maven-settings:jar:3.0:compile
[[1;36mDEBUG[m]          org.apache.maven:maven-settings-builder:jar:3.0:compile
[[1;36mDEBUG[m]          org.apache.maven:maven-repository-metadata:jar:3.0:compile
[[1;36mDEBUG[m]          org.apache.maven:maven-artifact:jar:3.0:compile
[[1;36mDEBUG[m]          org.apache.maven:maven-model-builder:jar:3.0:compile
[[1;36mDEBUG[m]          org.apache.maven:maven-aether-provider:jar:3.0:runtime
[[1;36mDEBUG[m]          org.sonatype.aether:aether-impl:jar:1.7:compile
[[1;36mDEBUG[m]             org.sonatype.aether:aether-spi:jar:1.7:compile
[[1;36mDEBUG[m]          org.sonatype.aether:aether-api:jar:1.7:compile
[[1;36mDEBUG[m]          org.sonatype.aether:aether-util:jar:1.7:compile
[[1;36mDEBUG[m]          org.sonatype.sisu:sisu-inject-plexus:jar:1.4.2:compile
[[1;36mDEBUG[m]             org.sonatype.sisu:sisu-inject-bean:jar:1.4.2:compile
[[1;36mDEBUG[m]                org.sonatype.sisu:sisu-guice:jar:noaop:2.1.7:compile
[[1;36mDEBUG[m]          org.codehaus.plexus:plexus-interpolation:jar:1.14:compile
[[1;36mDEBUG[m]          org.codehaus.plexus:plexus-classworlds:jar:2.2.3:compile
[[1;36mDEBUG[m]          org.sonatype.plexus:plexus-sec-dispatcher:jar:1.3:compile
[[1;36mDEBUG[m]             org.sonatype.plexus:plexus-cipher:jar:1.7:compile
[[1;36mDEBUG[m]       org.apache.maven:maven-plugin-api:jar:3.0:compile
[[1;36mDEBUG[m]       org.codehaus.plexus:plexus-utils:jar:3.0.7:compile
[[1;36mDEBUG[m]       org.codehaus.plexus:plexus-archiver:jar:2.9.1:compile
[[1;36mDEBUG[m]          org.codehaus.plexus:plexus-io:jar:2.4.1:compile
[[1;36mDEBUG[m]             commons-io:commons-io:jar:2.2:compile
[[1;36mDEBUG[m]          org.apache.commons:commons-compress:jar:1.9:compile
[[1;36mDEBUG[m]       org.eclipse.tycho:org.eclipse.osgi.compatibility.state:jar:1.0.200.v20160504-1419:compile
[[1;36mDEBUG[m]       org.eclipse.tycho:sisu-equinox-embedder:jar:1.0.0:compile
[[1;36mDEBUG[m]          org.eclipse.tycho:org.eclipse.osgi:jar:3.11.2.v20161107-1947:compile
[[1;36mDEBUG[m]          org.eclipse.tycho:sisu-equinox-api:jar:1.0.0:compile
[[1;36mDEBUG[m]       org.eclipse.tycho:tycho-metadata-model:jar:1.0.0:compile
[[1;36mDEBUG[m]          de.pdark:decentxml:jar:1.3:compile
[[1;36mDEBUG[m]       org.eclipse.tycho:tycho-embedder-api:jar:1.0.0:compile
[[1;36mDEBUG[m]          org.eclipse.tycho:org.eclipse.tycho.embedder.shared:jar:1.0.0:compile
[[1;36mDEBUG[m]       org.eclipse.tycho:org.eclipse.tycho.core.shared:jar:1.0.0:compile
[[1;36mDEBUG[m]       org.apache.maven:maven-compat:jar:3.0:compile
[[1;36mDEBUG[m]          org.apache.maven.wagon:wagon-provider-api:jar:1.0-beta-6:compile
[[1;36mDEBUG[m]    org.eclipse.tycho:tycho-p2-facade:jar:1.0.0:compile
[[1;36mDEBUG[m]       org.codehaus.plexus:plexus-component-annotations:jar:1.5.5:compile
[[1;36mDEBUG[m]       org.eclipse.tycho:org.eclipse.tycho.p2.resolver.shared:jar:1.0.0:compile
[[1;36mDEBUG[m]       org.eclipse.tycho:org.eclipse.tycho.p2.tools.shared:jar:1.0.0:compile
[[1;36mDEBUG[m] Extension realms for project at.splendit:eu.jsparrow.site:eclipse-repository:2.5.1-SNAPSHOT: [ClassRealm[extension>org.eclipse.tycho:tycho-maven-plugin:1.0.0, parent: sun.misc.Launcher$AppClassLoader@5c647e05]]
[[1;36mDEBUG[m] Looking up lifecycle mappings for packaging eclipse-repository from ClassRealm[project>at.splendit:eu.jsparrow:2.5.1-SNAPSHOT, parent: ClassRealm[maven.api, parent: null]]
[[1;36mDEBUG[m] Extension realms for project at.splendit:bundles:pom:2.5.1-SNAPSHOT: [ClassRealm[extension>org.eclipse.tycho:tycho-maven-plugin:1.0.0, parent: sun.misc.Launcher$AppClassLoader@5c647e05]]
[[1;36mDEBUG[m] Looking up lifecycle mappings for packaging pom from ClassRealm[project>at.splendit:eu.jsparrow:2.5.1-SNAPSHOT, parent: ClassRealm[maven.api, parent: null]]
[[1;36mDEBUG[m] Extension realms for project at.splendit:eu.jsparrow.i18n:eclipse-plugin:2.5.1-SNAPSHOT: [ClassRealm[extension>org.eclipse.tycho:tycho-maven-plugin:1.0.0, parent: sun.misc.Launcher$AppClassLoader@5c647e05]]
[[1;36mDEBUG[m] Looking up lifecycle mappings for packaging eclipse-plugin from ClassRealm[project>at.splendit:eu.jsparrow:2.5.1-SNAPSHOT, parent: ClassRealm[maven.api, parent: null]]
[[1;36mDEBUG[m] Extension realms for project at.splendit:eu.jsparrow.logging:eclipse-plugin:2.5.1-SNAPSHOT: [ClassRealm[extension>org.eclipse.tycho:tycho-maven-plugin:1.0.0, parent: sun.misc.Launcher$AppClassLoader@5c647e05]]
[[1;36mDEBUG[m] Looking up lifecycle mappings for packaging eclipse-plugin from ClassRealm[project>at.splendit:eu.jsparrow:2.5.1-SNAPSHOT, parent: ClassRealm[maven.api, parent: null]]
[[1;36mDEBUG[m] Extension realms for project at.splendit:eu.jsparrow.rules.api:eclipse-plugin:2.5.1-SNAPSHOT: [ClassRealm[extension>org.eclipse.tycho:tycho-maven-plugin:1.0.0, parent: sun.misc.Launcher$AppClassLoader@5c647e05]]
[[1;36mDEBUG[m] Looking up lifecycle mappings for packaging eclipse-plugin from ClassRealm[project>at.splendit:eu.jsparrow:2.5.1-SNAPSHOT, parent: ClassRealm[maven.api, parent: null]]
[[1;36mDEBUG[m] Extension realms for project at.splendit:eu.jsparrow.rules.imports:eclipse-plugin:2.5.1-SNAPSHOT: [ClassRealm[extension>org.eclipse.tycho:tycho-maven-plugin:1.0.0, parent: sun.misc.Launcher$AppClassLoader@5c647e05]]
[[1;36mDEBUG[m] Looking up lifecycle mappings for packaging eclipse-plugin from ClassRealm[project>at.splendit:eu.jsparrow:2.5.1-SNAPSHOT, parent: ClassRealm[maven.api, parent: null]]
[[1;36mDEBUG[m] Extension realms for project at.splendit:eu.jsparrow.license.api:eclipse-plugin:2.5.1-SNAPSHOT: [ClassRealm[extension>org.eclipse.tycho:tycho-maven-plugin:1.0.0, parent: sun.misc.Launcher$AppClassLoader@5c647e05]]
[[1;36mDEBUG[m] Looking up lifecycle mappings for packaging eclipse-plugin from ClassRealm[project>at.splendit:eu.jsparrow:2.5.1-SNAPSHOT, parent: ClassRealm[maven.api, parent: null]]
[[1;36mDEBUG[m] Extension realms for project at.splendit:eu.jsparrow.license.netlicensing:eclipse-plugin:2.5.1-SNAPSHOT: [ClassRealm[extension>org.eclipse.tycho:tycho-maven-plugin:1.0.0, parent: sun.misc.Launcher$AppClassLoader@5c647e05]]
[[1;36mDEBUG[m] Looking up lifecycle mappings for packaging eclipse-plugin from ClassRealm[project>at.splendit:eu.jsparrow:2.5.1-SNAPSHOT, parent: ClassRealm[maven.api, parent: null]]
[[1;36mDEBUG[m] Extension realms for project at.splendit:eu.jsparrow.core:eclipse-plugin:2.5.1-SNAPSHOT: [ClassRealm[extension>org.eclipse.tycho:tycho-maven-plugin:1.0.0, parent: sun.misc.Launcher$AppClassLoader@5c647e05]]
[[1;36mDEBUG[m] Looking up lifecycle mappings for packaging eclipse-plugin from ClassRealm[project>at.splendit:eu.jsparrow:2.5.1-SNAPSHOT, parent: ClassRealm[maven.api, parent: null]]
[[1;36mDEBUG[m] Extension realms for project at.splendit:eu.jsparrow.ui:eclipse-plugin:2.5.1-SNAPSHOT: [ClassRealm[extension>org.eclipse.tycho:tycho-maven-plugin:1.0.0, parent: sun.misc.Launcher$AppClassLoader@5c647e05]]
[[1;36mDEBUG[m] Looking up lifecycle mappings for packaging eclipse-plugin from ClassRealm[project>at.splendit:eu.jsparrow:2.5.1-SNAPSHOT, parent: ClassRealm[maven.api, parent: null]]
[[1;36mDEBUG[m] Extension realms for project at.splendit:eu.jsparrow.standalone:eclipse-plugin:2.5.1-SNAPSHOT: [ClassRealm[extension>org.eclipse.tycho:tycho-maven-plugin:1.0.0, parent: sun.misc.Launcher$AppClassLoader@5c647e05]]
[[1;36mDEBUG[m] Looking up lifecycle mappings for packaging eclipse-plugin from ClassRealm[project>at.splendit:eu.jsparrow:2.5.1-SNAPSHOT, parent: ClassRealm[maven.api, parent: null]]
[[1;36mDEBUG[m] Extension realms for project at.splendit:features:pom:2.5.1-SNAPSHOT: [ClassRealm[extension>org.eclipse.tycho:tycho-maven-plugin:1.0.0, parent: sun.misc.Launcher$AppClassLoader@5c647e05]]
[[1;36mDEBUG[m] Looking up lifecycle mappings for packaging pom from ClassRealm[project>at.splendit:eu.jsparrow:2.5.1-SNAPSHOT, parent: ClassRealm[maven.api, parent: null]]
[[1;36mDEBUG[m] Extension realms for project at.splendit:eu.jsparrow.3rd.party.feature:eclipse-feature:2.5.1-SNAPSHOT: [ClassRealm[extension>org.eclipse.tycho:tycho-maven-plugin:1.0.0, parent: sun.misc.Launcher$AppClassLoader@5c647e05]]
[[1;36mDEBUG[m] Looking up lifecycle mappings for packaging eclipse-feature from ClassRealm[project>at.splendit:eu.jsparrow:2.5.1-SNAPSHOT, parent: ClassRealm[maven.api, parent: null]]
[[1;36mDEBUG[m] Extension realms for project at.splendit:eu.jsparrow.standalone.feature:eclipse-feature:2.5.1-SNAPSHOT: [ClassRealm[extension>org.eclipse.tycho:tycho-maven-plugin:1.0.0, parent: sun.misc.Launcher$AppClassLoader@5c647e05]]
[[1;36mDEBUG[m] Looking up lifecycle mappings for packaging eclipse-feature from ClassRealm[project>at.splendit:eu.jsparrow:2.5.1-SNAPSHOT, parent: ClassRealm[maven.api, parent: null]]
[[1;36mDEBUG[m] Extension realms for project at.splendit:eu.jsparrow.feature:eclipse-feature:2.5.1-SNAPSHOT: [ClassRealm[extension>org.eclipse.tycho:tycho-maven-plugin:1.0.0, parent: sun.misc.Launcher$AppClassLoader@5c647e05]]
[[1;36mDEBUG[m] Looking up lifecycle mappings for packaging eclipse-feature from ClassRealm[project>at.splendit:eu.jsparrow:2.5.1-SNAPSHOT, parent: ClassRealm[maven.api, parent: null]]
[[1;36mDEBUG[m] Extension realms for project at.splendit:eu.jsparrow.rules.import.feature:eclipse-feature:2.5.1-SNAPSHOT: [ClassRealm[extension>org.eclipse.tycho:tycho-maven-plugin:1.0.0, parent: sun.misc.Launcher$AppClassLoader@5c647e05]]
[[1;36mDEBUG[m] Looking up lifecycle mappings for packaging eclipse-feature from ClassRealm[project>at.splendit:eu.jsparrow:2.5.1-SNAPSHOT, parent: ClassRealm[maven.api, parent: null]]
[[1;36mDEBUG[m] Extension realms for project at.splendit:tests:pom:2.5.1-SNAPSHOT: [ClassRealm[extension>org.eclipse.tycho:tycho-maven-plugin:1.0.0, parent: sun.misc.Launcher$AppClassLoader@5c647e05]]
[[1;36mDEBUG[m] Looking up lifecycle mappings for packaging pom from ClassRealm[project>at.splendit:eu.jsparrow:2.5.1-SNAPSHOT, parent: ClassRealm[maven.api, parent: null]]
[[1;36mDEBUG[m] Extension realms for project at.splendit:eu.jsparrow.sample:jar:2.5.1-SNAPSHOT: [ClassRealm[extension>org.eclipse.tycho:tycho-maven-plugin:1.0.0, parent: sun.misc.Launcher$AppClassLoader@5c647e05]]
[[1;36mDEBUG[m] Looking up lifecycle mappings for packaging jar from ClassRealm[project>at.splendit:eu.jsparrow:2.5.1-SNAPSHOT, parent: ClassRealm[maven.api, parent: null]]
[[1;36mDEBUG[m] Extension realms for project at.splendit:eu.jsparrow.test.framework:eclipse-plugin:2.5.1-SNAPSHOT: [ClassRealm[extension>org.eclipse.tycho:tycho-maven-plugin:1.0.0, parent: sun.misc.Launcher$AppClassLoader@5c647e05]]
[[1;36mDEBUG[m] Looking up lifecycle mappings for packaging eclipse-plugin from ClassRealm[project>at.splendit:eu.jsparrow:2.5.1-SNAPSHOT, parent: ClassRealm[maven.api, parent: null]]
[[1;36mDEBUG[m] Extension realms for project at.splendit:eu.jsparrow.license.netlicensing.test:eclipse-test-plugin:2.5.1-SNAPSHOT: [ClassRealm[extension>org.eclipse.tycho:tycho-maven-plugin:1.0.0, parent: sun.misc.Launcher$AppClassLoader@5c647e05]]
[[1;36mDEBUG[m] Looking up lifecycle mappings for packaging eclipse-test-plugin from ClassRealm[project>at.splendit:eu.jsparrow:2.5.1-SNAPSHOT, parent: ClassRealm[maven.api, parent: null]]
[[1;36mDEBUG[m] Extension realms for project at.splendit:eu.jsparrow.test:eclipse-test-plugin:2.5.1-SNAPSHOT: [ClassRealm[extension>org.eclipse.tycho:tycho-maven-plugin:1.0.0, parent: sun.misc.Launcher$AppClassLoader@5c647e05]]
[[1;36mDEBUG[m] Looking up lifecycle mappings for packaging eclipse-test-plugin from ClassRealm[project>at.splendit:eu.jsparrow:2.5.1-SNAPSHOT, parent: ClassRealm[maven.api, parent: null]]
[[1;36mDEBUG[m] Extension realms for project at.splendit:eu.jsparrow.ui.test:eclipse-test-plugin:2.5.1-SNAPSHOT: [ClassRealm[extension>org.eclipse.tycho:tycho-maven-plugin:1.0.0, parent: sun.misc.Launcher$AppClassLoader@5c647e05]]
[[1;36mDEBUG[m] Looking up lifecycle mappings for packaging eclipse-test-plugin from ClassRealm[project>at.splendit:eu.jsparrow:2.5.1-SNAPSHOT, parent: ClassRealm[maven.api, parent: null]]
[[1;36mDEBUG[m] Extension realms for project at.splendit:eu.jsparrow.standalone.test:eclipse-test-plugin:2.5.1-SNAPSHOT: [ClassRealm[extension>org.eclipse.tycho:tycho-maven-plugin:1.0.0, parent: sun.misc.Launcher$AppClassLoader@5c647e05]]
[[1;36mDEBUG[m] Looking up lifecycle mappings for packaging eclipse-test-plugin from ClassRealm[project>at.splendit:eu.jsparrow:2.5.1-SNAPSHOT, parent: ClassRealm[maven.api, parent: null]]
[[1;36mDEBUG[m] Extension realms for project at.splendit:eu.jsparrow.rules.api.test:eclipse-test-plugin:2.5.1-SNAPSHOT: [ClassRealm[extension>org.eclipse.tycho:tycho-maven-plugin:1.0.0, parent: sun.misc.Launcher$AppClassLoader@5c647e05]]
[[1;36mDEBUG[m] Looking up lifecycle mappings for packaging eclipse-test-plugin from ClassRealm[project>at.splendit:eu.jsparrow:2.5.1-SNAPSHOT, parent: ClassRealm[maven.api, parent: null]]
[[1;36mDEBUG[m] org.eclipse.tycho:tycho-maven-plugin:1.0.0 configured in MavenProject: at.splendit:eu.jsparrow:2.5.1-SNAPSHOT @ /home/mgh/eclipse/ws/photon/simonykees/pom.xml
[[1;36mDEBUG[m] org.eclipse.tycho:tycho-maven-plugin:1.0.0 configured in MavenProject: at.splendit:releng:2.5.1-SNAPSHOT @ /home/mgh/eclipse/ws/photon/simonykees/releng/pom.xml
[[1;36mDEBUG[m] org.eclipse.tycho:tycho-maven-plugin:1.0.0 configured in MavenProject: at.splendit:eu.jsparrow.site:2.5.1-SNAPSHOT @ /home/mgh/eclipse/ws/photon/simonykees/releng/site/pom.xml
[[1;36mDEBUG[m] org.eclipse.tycho:tycho-p2-repository-plugin:1.0.0 configured in MavenProject: at.splendit:eu.jsparrow.site:2.5.1-SNAPSHOT @ /home/mgh/eclipse/ws/photon/simonykees/releng/site/pom.xml
[[1;36mDEBUG[m] org.eclipse.tycho:tycho-p2-publisher-plugin:1.0.0 configured in MavenProject: at.splendit:eu.jsparrow.site:2.5.1-SNAPSHOT @ /home/mgh/eclipse/ws/photon/simonykees/releng/site/pom.xml
[[1;36mDEBUG[m] org.eclipse.tycho:tycho-p2-plugin:1.0.0 configured in MavenProject: at.splendit:eu.jsparrow.site:2.5.1-SNAPSHOT @ /home/mgh/eclipse/ws/photon/simonykees/releng/site/pom.xml
[[1;36mDEBUG[m] org.eclipse.tycho:tycho-packaging-plugin:1.0.0 configured in MavenProject: at.splendit:eu.jsparrow.site:2.5.1-SNAPSHOT @ /home/mgh/eclipse/ws/photon/simonykees/releng/site/pom.xml
[[1;36mDEBUG[m] org.eclipse.tycho:tycho-maven-plugin:1.0.0 configured in MavenProject: at.splendit:bundles:2.5.1-SNAPSHOT @ /home/mgh/eclipse/ws/photon/simonykees/bundles/pom.xml
[[1;36mDEBUG[m] org.eclipse.tycho:tycho-maven-plugin:1.0.0 configured in MavenProject: at.splendit:eu.jsparrow.i18n:2.5.1-SNAPSHOT @ /home/mgh/eclipse/ws/photon/simonykees/bundles/i18n/pom.xml
[[1;36mDEBUG[m] org.eclipse.tycho:tycho-packaging-plugin:1.0.0 configured in MavenProject: at.splendit:eu.jsparrow.i18n:2.5.1-SNAPSHOT @ /home/mgh/eclipse/ws/photon/simonykees/bundles/i18n/pom.xml
[[1;36mDEBUG[m] org.eclipse.tycho:tycho-p2-plugin:1.0.0 configured in MavenProject: at.splendit:eu.jsparrow.i18n:2.5.1-SNAPSHOT @ /home/mgh/eclipse/ws/photon/simonykees/bundles/i18n/pom.xml
[[1;36mDEBUG[m] org.eclipse.tycho:tycho-maven-plugin:1.0.0 configured in MavenProject: at.splendit:eu.jsparrow.logging:2.5.1-SNAPSHOT @ /home/mgh/eclipse/ws/photon/simonykees/bundles/logging/pom.xml
[[1;36mDEBUG[m] org.eclipse.tycho:tycho-packaging-plugin:1.0.0 configured in MavenProject: at.splendit:eu.jsparrow.logging:2.5.1-SNAPSHOT @ /home/mgh/eclipse/ws/photon/simonykees/bundles/logging/pom.xml
[[1;36mDEBUG[m] org.eclipse.tycho:tycho-p2-plugin:1.0.0 configured in MavenProject: at.splendit:eu.jsparrow.logging:2.5.1-SNAPSHOT @ /home/mgh/eclipse/ws/photon/simonykees/bundles/logging/pom.xml
[[1;36mDEBUG[m] org.eclipse.tycho:tycho-maven-plugin:1.0.0 configured in MavenProject: at.splendit:eu.jsparrow.rules.api:2.5.1-SNAPSHOT @ /home/mgh/eclipse/ws/photon/simonykees/bundles/rules.api/pom.xml
[[1;36mDEBUG[m] org.eclipse.tycho:tycho-packaging-plugin:1.0.0 configured in MavenProject: at.splendit:eu.jsparrow.rules.api:2.5.1-SNAPSHOT @ /home/mgh/eclipse/ws/photon/simonykees/bundles/rules.api/pom.xml
[[1;36mDEBUG[m] org.eclipse.tycho:tycho-p2-plugin:1.0.0 configured in MavenProject: at.splendit:eu.jsparrow.rules.api:2.5.1-SNAPSHOT @ /home/mgh/eclipse/ws/photon/simonykees/bundles/rules.api/pom.xml
[[1;36mDEBUG[m] org.eclipse.tycho:tycho-maven-plugin:1.0.0 configured in MavenProject: at.splendit:eu.jsparrow.rules.imports:2.5.1-SNAPSHOT @ /home/mgh/eclipse/ws/photon/simonykees/bundles/rules.imports/pom.xml
[[1;36mDEBUG[m] org.eclipse.tycho:tycho-packaging-plugin:1.0.0 configured in MavenProject: at.splendit:eu.jsparrow.rules.imports:2.5.1-SNAPSHOT @ /home/mgh/eclipse/ws/photon/simonykees/bundles/rules.imports/pom.xml
[[1;36mDEBUG[m] org.eclipse.tycho:tycho-p2-plugin:1.0.0 configured in MavenProject: at.splendit:eu.jsparrow.rules.imports:2.5.1-SNAPSHOT @ /home/mgh/eclipse/ws/photon/simonykees/bundles/rules.imports/pom.xml
[[1;36mDEBUG[m] org.eclipse.tycho:tycho-maven-plugin:1.0.0 configured in MavenProject: at.splendit:eu.jsparrow.license.api:2.5.1-SNAPSHOT @ /home/mgh/eclipse/ws/photon/simonykees/bundles/license.api/pom.xml
[[1;36mDEBUG[m] org.eclipse.tycho:tycho-packaging-plugin:1.0.0 configured in MavenProject: at.splendit:eu.jsparrow.license.api:2.5.1-SNAPSHOT @ /home/mgh/eclipse/ws/photon/simonykees/bundles/license.api/pom.xml
[[1;36mDEBUG[m] org.eclipse.tycho:tycho-p2-plugin:1.0.0 configured in MavenProject: at.splendit:eu.jsparrow.license.api:2.5.1-SNAPSHOT @ /home/mgh/eclipse/ws/photon/simonykees/bundles/license.api/pom.xml
[[1;36mDEBUG[m] org.eclipse.tycho:tycho-maven-plugin:1.0.0 configured in MavenProject: at.splendit:eu.jsparrow.license.netlicensing:2.5.1-SNAPSHOT @ /home/mgh/eclipse/ws/photon/simonykees/bundles/license.netlicensing/pom.xml
[[1;36mDEBUG[m] org.eclipse.tycho:tycho-packaging-plugin:1.0.0 configured in MavenProject: at.splendit:eu.jsparrow.license.netlicensing:2.5.1-SNAPSHOT @ /home/mgh/eclipse/ws/photon/simonykees/bundles/license.netlicensing/pom.xml
[[1;36mDEBUG[m] org.eclipse.tycho:tycho-p2-plugin:1.0.0 configured in MavenProject: at.splendit:eu.jsparrow.license.netlicensing:2.5.1-SNAPSHOT @ /home/mgh/eclipse/ws/photon/simonykees/bundles/license.netlicensing/pom.xml
[[1;36mDEBUG[m] org.eclipse.tycho:tycho-maven-plugin:1.0.0 configured in MavenProject: at.splendit:eu.jsparrow.core:2.5.1-SNAPSHOT @ /home/mgh/eclipse/ws/photon/simonykees/bundles/core/pom.xml
[[1;36mDEBUG[m] org.eclipse.tycho:tycho-packaging-plugin:1.0.0 configured in MavenProject: at.splendit:eu.jsparrow.core:2.5.1-SNAPSHOT @ /home/mgh/eclipse/ws/photon/simonykees/bundles/core/pom.xml
[[1;36mDEBUG[m] org.eclipse.tycho:tycho-p2-plugin:1.0.0 configured in MavenProject: at.splendit:eu.jsparrow.core:2.5.1-SNAPSHOT @ /home/mgh/eclipse/ws/photon/simonykees/bundles/core/pom.xml
[[1;36mDEBUG[m] org.eclipse.tycho:tycho-maven-plugin:1.0.0 configured in MavenProject: at.splendit:eu.jsparrow.ui:2.5.1-SNAPSHOT @ /home/mgh/eclipse/ws/photon/simonykees/bundles/ui/pom.xml
[[1;36mDEBUG[m] org.eclipse.tycho:tycho-packaging-plugin:1.0.0 configured in MavenProject: at.splendit:eu.jsparrow.ui:2.5.1-SNAPSHOT @ /home/mgh/eclipse/ws/photon/simonykees/bundles/ui/pom.xml
[[1;36mDEBUG[m] org.eclipse.tycho:tycho-p2-plugin:1.0.0 configured in MavenProject: at.splendit:eu.jsparrow.ui:2.5.1-SNAPSHOT @ /home/mgh/eclipse/ws/photon/simonykees/bundles/ui/pom.xml
[[1;36mDEBUG[m] org.eclipse.tycho:tycho-maven-plugin:1.0.0 configured in MavenProject: at.splendit:eu.jsparrow.standalone:2.5.1-SNAPSHOT @ /home/mgh/eclipse/ws/photon/simonykees/bundles/standalone/pom.xml
[[1;36mDEBUG[m] org.eclipse.tycho:tycho-packaging-plugin:1.0.0 configured in MavenProject: at.splendit:eu.jsparrow.standalone:2.5.1-SNAPSHOT @ /home/mgh/eclipse/ws/photon/simonykees/bundles/standalone/pom.xml
[[1;36mDEBUG[m] org.eclipse.tycho:tycho-p2-plugin:1.0.0 configured in MavenProject: at.splendit:eu.jsparrow.standalone:2.5.1-SNAPSHOT @ /home/mgh/eclipse/ws/photon/simonykees/bundles/standalone/pom.xml
[[1;36mDEBUG[m] org.eclipse.tycho:tycho-maven-plugin:1.0.0 configured in MavenProject: at.splendit:features:2.5.1-SNAPSHOT @ /home/mgh/eclipse/ws/photon/simonykees/features/pom.xml
[[1;36mDEBUG[m] org.eclipse.tycho:tycho-maven-plugin:1.0.0 configured in MavenProject: at.splendit:eu.jsparrow.3rd.party.feature:2.5.1-SNAPSHOT @ /home/mgh/eclipse/ws/photon/simonykees/features/feature.3rd.party/pom.xml
[[1;36mDEBUG[m] org.eclipse.tycho:tycho-packaging-plugin:1.0.0 configured in MavenProject: at.splendit:eu.jsparrow.3rd.party.feature:2.5.1-SNAPSHOT @ /home/mgh/eclipse/ws/photon/simonykees/features/feature.3rd.party/pom.xml
[[1;36mDEBUG[m] org.eclipse.tycho:tycho-p2-plugin:1.0.0 configured in MavenProject: at.splendit:eu.jsparrow.3rd.party.feature:2.5.1-SNAPSHOT @ /home/mgh/eclipse/ws/photon/simonykees/features/feature.3rd.party/pom.xml
[[1;36mDEBUG[m] org.eclipse.tycho:tycho-maven-plugin:1.0.0 configured in MavenProject: at.splendit:eu.jsparrow.standalone.feature:2.5.1-SNAPSHOT @ /home/mgh/eclipse/ws/photon/simonykees/features/feature.standalone/pom.xml
[[1;36mDEBUG[m] org.eclipse.tycho:tycho-packaging-plugin:1.0.0 configured in MavenProject: at.splendit:eu.jsparrow.standalone.feature:2.5.1-SNAPSHOT @ /home/mgh/eclipse/ws/photon/simonykees/features/feature.standalone/pom.xml
[[1;36mDEBUG[m] org.eclipse.tycho:tycho-p2-plugin:1.0.0 configured in MavenProject: at.splendit:eu.jsparrow.standalone.feature:2.5.1-SNAPSHOT @ /home/mgh/eclipse/ws/photon/simonykees/features/feature.standalone/pom.xml
[[1;36mDEBUG[m] org.eclipse.tycho:tycho-maven-plugin:1.0.0 configured in MavenProject: at.splendit:eu.jsparrow.feature:2.5.1-SNAPSHOT @ /home/mgh/eclipse/ws/photon/simonykees/features/feature/pom.xml
[[1;36mDEBUG[m] org.eclipse.tycho:tycho-packaging-plugin:1.0.0 configured in MavenProject: at.splendit:eu.jsparrow.feature:2.5.1-SNAPSHOT @ /home/mgh/eclipse/ws/photon/simonykees/features/feature/pom.xml
[[1;36mDEBUG[m] org.eclipse.tycho:tycho-p2-plugin:1.0.0 configured in MavenProject: at.splendit:eu.jsparrow.feature:2.5.1-SNAPSHOT @ /home/mgh/eclipse/ws/photon/simonykees/features/feature/pom.xml
[[1;36mDEBUG[m] org.eclipse.tycho:tycho-maven-plugin:1.0.0 configured in MavenProject: at.splendit:eu.jsparrow.rules.import.feature:2.5.1-SNAPSHOT @ /home/mgh/eclipse/ws/photon/simonykees/features/feature.rules.import/pom.xml
[[1;36mDEBUG[m] org.eclipse.tycho:tycho-packaging-plugin:1.0.0 configured in MavenProject: at.splendit:eu.jsparrow.rules.import.feature:2.5.1-SNAPSHOT @ /home/mgh/eclipse/ws/photon/simonykees/features/feature.rules.import/pom.xml
[[1;36mDEBUG[m] org.eclipse.tycho:tycho-p2-plugin:1.0.0 configured in MavenProject: at.splendit:eu.jsparrow.rules.import.feature:2.5.1-SNAPSHOT @ /home/mgh/eclipse/ws/photon/simonykees/features/feature.rules.import/pom.xml
[[1;36mDEBUG[m] org.eclipse.tycho:tycho-maven-plugin:1.0.0 configured in MavenProject: at.splendit:tests:2.5.1-SNAPSHOT @ /home/mgh/eclipse/ws/photon/simonykees/tests/pom.xml
[[1;36mDEBUG[m] org.eclipse.tycho:tycho-maven-plugin:1.0.0 configured in MavenProject: at.splendit:eu.jsparrow.sample:2.5.1-SNAPSHOT @ /home/mgh/eclipse/ws/photon/simonykees/tests/sample/pom.xml
[[1;36mDEBUG[m] org.eclipse.tycho:tycho-maven-plugin:1.0.0 configured in MavenProject: at.splendit:eu.jsparrow.test.framework:2.5.1-SNAPSHOT @ /home/mgh/eclipse/ws/photon/simonykees/tests/test.framework/pom.xml
[[1;36mDEBUG[m] org.eclipse.tycho:tycho-packaging-plugin:1.0.0 configured in MavenProject: at.splendit:eu.jsparrow.test.framework:2.5.1-SNAPSHOT @ /home/mgh/eclipse/ws/photon/simonykees/tests/test.framework/pom.xml
[[1;36mDEBUG[m] org.eclipse.tycho:tycho-p2-plugin:1.0.0 configured in MavenProject: at.splendit:eu.jsparrow.test.framework:2.5.1-SNAPSHOT @ /home/mgh/eclipse/ws/photon/simonykees/tests/test.framework/pom.xml
[[1;36mDEBUG[m] org.eclipse.tycho:tycho-maven-plugin:1.0.0 configured in MavenProject: at.splendit:eu.jsparrow.license.netlicensing.test:2.5.1-SNAPSHOT @ /home/mgh/eclipse/ws/photon/simonykees/tests/license.netlicensing.test/pom.xml
[[1;36mDEBUG[m] org.eclipse.tycho:tycho-packaging-plugin:1.0.0 configured in MavenProject: at.splendit:eu.jsparrow.license.netlicensing.test:2.5.1-SNAPSHOT @ /home/mgh/eclipse/ws/photon/simonykees/tests/license.netlicensing.test/pom.xml
[[1;36mDEBUG[m] org.eclipse.tycho:tycho-p2-plugin:1.0.0 configured in MavenProject: at.splendit:eu.jsparrow.license.netlicensing.test:2.5.1-SNAPSHOT @ /home/mgh/eclipse/ws/photon/simonykees/tests/license.netlicensing.test/pom.xml
[[1;36mDEBUG[m] org.eclipse.tycho:tycho-surefire-plugin:1.0.0 configured in MavenProject: at.splendit:eu.jsparrow.license.netlicensing.test:2.5.1-SNAPSHOT @ /home/mgh/eclipse/ws/photon/simonykees/tests/license.netlicensing.test/pom.xml
[[1;36mDEBUG[m] org.eclipse.tycho:tycho-maven-plugin:1.0.0 configured in MavenProject: at.splendit:eu.jsparrow.test:2.5.1-SNAPSHOT @ /home/mgh/eclipse/ws/photon/simonykees/tests/test/pom.xml
[[1;36mDEBUG[m] org.eclipse.tycho:tycho-packaging-plugin:1.0.0 configured in MavenProject: at.splendit:eu.jsparrow.test:2.5.1-SNAPSHOT @ /home/mgh/eclipse/ws/photon/simonykees/tests/test/pom.xml
[[1;36mDEBUG[m] org.eclipse.tycho:tycho-p2-plugin:1.0.0 configured in MavenProject: at.splendit:eu.jsparrow.test:2.5.1-SNAPSHOT @ /home/mgh/eclipse/ws/photon/simonykees/tests/test/pom.xml
[[1;36mDEBUG[m] org.eclipse.tycho:tycho-surefire-plugin:1.0.0 configured in MavenProject: at.splendit:eu.jsparrow.test:2.5.1-SNAPSHOT @ /home/mgh/eclipse/ws/photon/simonykees/tests/test/pom.xml
[[1;36mDEBUG[m] org.eclipse.tycho:tycho-maven-plugin:1.0.0 configured in MavenProject: at.splendit:eu.jsparrow.ui.test:2.5.1-SNAPSHOT @ /home/mgh/eclipse/ws/photon/simonykees/tests/ui.test/pom.xml
[[1;36mDEBUG[m] org.eclipse.tycho:tycho-packaging-plugin:1.0.0 configured in MavenProject: at.splendit:eu.jsparrow.ui.test:2.5.1-SNAPSHOT @ /home/mgh/eclipse/ws/photon/simonykees/tests/ui.test/pom.xml
[[1;36mDEBUG[m] org.eclipse.tycho:tycho-p2-plugin:1.0.0 configured in MavenProject: at.splendit:eu.jsparrow.ui.test:2.5.1-SNAPSHOT @ /home/mgh/eclipse/ws/photon/simonykees/tests/ui.test/pom.xml
[[1;36mDEBUG[m] org.eclipse.tycho:tycho-surefire-plugin:1.0.0 configured in MavenProject: at.splendit:eu.jsparrow.ui.test:2.5.1-SNAPSHOT @ /home/mgh/eclipse/ws/photon/simonykees/tests/ui.test/pom.xml
[[1;36mDEBUG[m] org.eclipse.tycho:tycho-maven-plugin:1.0.0 configured in MavenProject: at.splendit:eu.jsparrow.standalone.test:2.5.1-SNAPSHOT @ /home/mgh/eclipse/ws/photon/simonykees/tests/standalone.test/pom.xml
[[1;36mDEBUG[m] org.eclipse.tycho:tycho-packaging-plugin:1.0.0 configured in MavenProject: at.splendit:eu.jsparrow.standalone.test:2.5.1-SNAPSHOT @ /home/mgh/eclipse/ws/photon/simonykees/tests/standalone.test/pom.xml
[[1;36mDEBUG[m] org.eclipse.tycho:tycho-p2-plugin:1.0.0 configured in MavenProject: at.splendit:eu.jsparrow.standalone.test:2.5.1-SNAPSHOT @ /home/mgh/eclipse/ws/photon/simonykees/tests/standalone.test/pom.xml
[[1;36mDEBUG[m] org.eclipse.tycho:tycho-surefire-plugin:1.0.0 configured in MavenProject: at.splendit:eu.jsparrow.standalone.test:2.5.1-SNAPSHOT @ /home/mgh/eclipse/ws/photon/simonykees/tests/standalone.test/pom.xml
[[1;36mDEBUG[m] org.eclipse.tycho:tycho-maven-plugin:1.0.0 configured in MavenProject: at.splendit:eu.jsparrow.rules.api.test:2.5.1-SNAPSHOT @ /home/mgh/eclipse/ws/photon/simonykees/tests/eu.jsparrow.rules.api.test/pom.xml
[[1;36mDEBUG[m] org.eclipse.tycho:tycho-packaging-plugin:1.0.0 configured in MavenProject: at.splendit:eu.jsparrow.rules.api.test:2.5.1-SNAPSHOT @ /home/mgh/eclipse/ws/photon/simonykees/tests/eu.jsparrow.rules.api.test/pom.xml
[[1;36mDEBUG[m] org.eclipse.tycho:tycho-p2-plugin:1.0.0 configured in MavenProject: at.splendit:eu.jsparrow.rules.api.test:2.5.1-SNAPSHOT @ /home/mgh/eclipse/ws/photon/simonykees/tests/eu.jsparrow.rules.api.test/pom.xml
[[1;36mDEBUG[m] org.eclipse.tycho:tycho-surefire-plugin:1.0.0 configured in MavenProject: at.splendit:eu.jsparrow.rules.api.test:2.5.1-SNAPSHOT @ /home/mgh/eclipse/ws/photon/simonykees/tests/eu.jsparrow.rules.api.test/pom.xml
[[1;36mDEBUG[m] target-platform-configuration for MavenProject: at.splendit:eu.jsparrow.site:2.5.1-SNAPSHOT @ /home/mgh/eclipse/ws/photon/simonykees/releng/site/pom.xml:
<?xml version="1.0" encoding="UTF-8"?>
<configuration>
  <resolver>p2</resolver>
  <pomDependencies>consider</pomDependencies>
  <environments>
    <environment>
      <os>linux</os>
      <ws>gtk</ws>
      <arch>x86_64</arch>
    </environment>
  </environments>
</configuration>
Debug options:
    file:/home/mgh/eclipse/ws/photon/simonykees/.options not found
Time to load bundles: 152
[[1;36mDEBUG[m] Clearing proxy settings in OSGi runtime
[[1;36mDEBUG[m] Dependency collection stats: {ConflictMarker.analyzeTime=249903, ConflictMarker.markTime=116851, ConflictMarker.nodeCount=93, ConflictIdSorter.graphTime=127503, ConflictIdSorter.topsortTime=29593, ConflictIdSorter.conflictIdCount=42, ConflictIdSorter.conflictIdCycleCount=0, ConflictResolver.totalTime=963963, ConflictResolver.conflictItemCount=92, DefaultDependencyCollector.collectTime=5493739, DefaultDependencyCollector.transformTime=1503282}
[[1;36mDEBUG[m] org.eclipse.tycho:tycho-p2-repository-plugin:jar:1.0.0:
[[1;36mDEBUG[m]    org.apache.maven:maven-plugin-api:jar:3.0:compile
[[1;36mDEBUG[m]       org.apache.maven:maven-model:jar:3.0:compile
[[1;36mDEBUG[m]          org.codehaus.plexus:plexus-utils:jar:3.0.7:compile
[[1;36mDEBUG[m]       org.apache.maven:maven-artifact:jar:3.0:compile
[[1;36mDEBUG[m]       org.sonatype.sisu:sisu-inject-plexus:jar:1.4.2:compile
[[1;36mDEBUG[m]          org.codehaus.plexus:plexus-classworlds:jar:2.2.3:compile
[[1;36mDEBUG[m]          org.sonatype.sisu:sisu-inject-bean:jar:1.4.2:compile
[[1;36mDEBUG[m]             org.sonatype.sisu:sisu-guice:jar:noaop:2.1.7:compile
[[1;36mDEBUG[m]    org.eclipse.tycho:tycho-p2-facade:jar:1.0.0:compile
[[1;36mDEBUG[m]       org.codehaus.plexus:plexus-component-annotations:jar:1.5.5:compile
[[1;36mDEBUG[m]       org.eclipse.tycho:tycho-core:jar:1.0.0:compile
[[1;36mDEBUG[m]          org.apache.maven:maven-core:jar:3.0:compile
[[1;36mDEBUG[m]             org.apache.maven:maven-settings:jar:3.0:compile
[[1;36mDEBUG[m]             org.apache.maven:maven-settings-builder:jar:3.0:compile
[[1;36mDEBUG[m]             org.apache.maven:maven-repository-metadata:jar:3.0:compile
[[1;36mDEBUG[m]             org.apache.maven:maven-model-builder:jar:3.0:compile
[[1;36mDEBUG[m]             org.apache.maven:maven-aether-provider:jar:3.0:runtime
[[1;36mDEBUG[m]             org.sonatype.aether:aether-impl:jar:1.7:compile
[[1;36mDEBUG[m]                org.sonatype.aether:aether-spi:jar:1.7:compile
[[1;36mDEBUG[m]             org.sonatype.aether:aether-api:jar:1.7:compile
[[1;36mDEBUG[m]             org.sonatype.aether:aether-util:jar:1.7:compile
[[1;36mDEBUG[m]             org.codehaus.plexus:plexus-interpolation:jar:1.14:compile
[[1;36mDEBUG[m]             org.sonatype.plexus:plexus-sec-dispatcher:jar:1.3:compile
[[1;36mDEBUG[m]                org.sonatype.plexus:plexus-cipher:jar:1.7:compile
[[1;36mDEBUG[m]          org.codehaus.plexus:plexus-archiver:jar:2.9.1:compile
[[1;36mDEBUG[m]             org.codehaus.plexus:plexus-io:jar:2.4.1:compile
[[1;36mDEBUG[m]                commons-io:commons-io:jar:2.2:compile
[[1;36mDEBUG[m]             org.apache.commons:commons-compress:jar:1.9:compile
[[1;36mDEBUG[m]          org.eclipse.tycho:org.eclipse.osgi.compatibility.state:jar:1.0.200.v20160504-1419:compile
[[1;36mDEBUG[m]          org.eclipse.tycho:tycho-metadata-model:jar:1.0.0:compile
[[1;36mDEBUG[m]             de.pdark:decentxml:jar:1.3:compile
[[1;36mDEBUG[m]          org.eclipse.tycho:tycho-embedder-api:jar:1.0.0:compile
[[1;36mDEBUG[m]             org.eclipse.tycho:org.eclipse.tycho.embedder.shared:jar:1.0.0:compile
[[1;36mDEBUG[m]          org.eclipse.tycho:org.eclipse.tycho.core.shared:jar:1.0.0:compile
[[1;36mDEBUG[m]          org.apache.maven:maven-compat:jar:3.0:compile
[[1;36mDEBUG[m]             org.apache.maven.wagon:wagon-provider-api:jar:1.0-beta-6:compile
[[1;36mDEBUG[m]       org.eclipse.tycho:sisu-equinox-embedder:jar:1.0.0:compile
[[1;36mDEBUG[m]          org.eclipse.tycho:org.eclipse.osgi:jar:3.11.2.v20161107-1947:compile
[[1;36mDEBUG[m]          org.eclipse.tycho:sisu-equinox-api:jar:1.0.0:compile
[[1;36mDEBUG[m]       org.eclipse.tycho:org.eclipse.tycho.p2.resolver.shared:jar:1.0.0:compile
[[1;36mDEBUG[m]       org.eclipse.tycho:org.eclipse.tycho.p2.tools.shared:jar:1.0.0:compile
[[1;36mDEBUG[m] Created new class realm plugin>org.eclipse.tycho:tycho-p2-repository-plugin:1.0.0
[[1;36mDEBUG[m] Importing foreign packages into class realm plugin>org.eclipse.tycho:tycho-p2-repository-plugin:1.0.0
[[1;36mDEBUG[m]   Imported:  < project>at.splendit:eu.jsparrow:2.5.1-SNAPSHOT
[[1;36mDEBUG[m] Populating class realm plugin>org.eclipse.tycho:tycho-p2-repository-plugin:1.0.0
[[1;36mDEBUG[m]   Included: org.eclipse.tycho:tycho-p2-repository-plugin:jar:1.0.0
[[1;36mDEBUG[m]   Included: org.codehaus.plexus:plexus-utils:jar:3.0.7
[[1;36mDEBUG[m]   Included: org.sonatype.sisu:sisu-inject-bean:jar:1.4.2
[[1;36mDEBUG[m]   Included: org.sonatype.sisu:sisu-guice:jar:noaop:2.1.7
[[1;36mDEBUG[m]   Included: org.codehaus.plexus:plexus-component-annotations:jar:1.5.5
[[1;36mDEBUG[m]   Included: org.sonatype.aether:aether-util:jar:1.7
[[1;36mDEBUG[m]   Included: org.codehaus.plexus:plexus-interpolation:jar:1.14
[[1;36mDEBUG[m]   Included: org.sonatype.plexus:plexus-sec-dispatcher:jar:1.3
[[1;36mDEBUG[m]   Included: org.sonatype.plexus:plexus-cipher:jar:1.7
[[1;36mDEBUG[m]   Included: org.codehaus.plexus:plexus-archiver:jar:2.9.1
[[1;36mDEBUG[m]   Included: org.codehaus.plexus:plexus-io:jar:2.4.1
[[1;36mDEBUG[m]   Included: commons-io:commons-io:jar:2.2
[[1;36mDEBUG[m]   Included: org.apache.commons:commons-compress:jar:1.9
[[1;36mDEBUG[m]   Included: org.eclipse.tycho:org.eclipse.osgi.compatibility.state:jar:1.0.200.v20160504-1419
[[1;36mDEBUG[m] Dependency collection stats: {ConflictMarker.analyzeTime=720645, ConflictMarker.markTime=317225, ConflictMarker.nodeCount=319, ConflictIdSorter.graphTime=327725, ConflictIdSorter.topsortTime=72571, ConflictIdSorter.conflictIdCount=86, ConflictIdSorter.conflictIdCycleCount=0, ConflictResolver.totalTime=2640567, ConflictResolver.conflictItemCount=159, DefaultDependencyCollector.collectTime=238270455, DefaultDependencyCollector.transformTime=4097920}
[[1;36mDEBUG[m] org.jboss.tools.tycho-plugins:repository-utils:jar:1.1.0:
[[1;36mDEBUG[m]    org.eclipse.tycho:tycho-p2-facade:jar:1.1.0:compile
[[1;36mDEBUG[m]       org.eclipse.tycho:sisu-equinox-embedder:jar:1.1.0:compile
[[1;36mDEBUG[m]          org.eclipse.tycho:org.eclipse.osgi:jar:3.13.0.v20171204-1916:compile
[[1;36mDEBUG[m]          org.eclipse.tycho:sisu-equinox-api:jar:1.1.0:compile
[[1;36mDEBUG[m]       org.eclipse.tycho:org.eclipse.tycho.p2.resolver.shared:jar:1.1.0:compile
[[1;36mDEBUG[m]       org.eclipse.tycho:org.eclipse.tycho.p2.tools.shared:jar:1.1.0:compile
[[1;36mDEBUG[m]    org.eclipse.tycho:tycho-packaging-plugin:jar:1.1.0:compile
[[1;36mDEBUG[m]       org.codehaus.plexus:plexus-utils:jar:3.0.24:compile
[[1;36mDEBUG[m]       org.apache.maven:maven-archiver:jar:2.5:compile
[[1;36mDEBUG[m]       org.codehaus.plexus:plexus-archiver:jar:3.4:compile
[[1;36mDEBUG[m]          org.codehaus.plexus:plexus-io:jar:2.7.1:compile
[[1;36mDEBUG[m]          org.apache.commons:commons-compress:jar:1.11:compile
[[1;36mDEBUG[m]          org.iq80.snappy:snappy:jar:0.4:compile
[[1;36mDEBUG[m]    org.eclipse.tycho:tycho-core:jar:1.1.0:compile
[[1;36mDEBUG[m]       org.eclipse.tycho:org.eclipse.osgi.compatibility.state:jar:1.1.100.v20171116-1513:compile
[[1;36mDEBUG[m]       org.eclipse.tycho:tycho-metadata-model:jar:1.1.0:compile
[[1;36mDEBUG[m]          de.pdark:decentxml:jar:1.3:compile
[[1;36mDEBUG[m]       org.eclipse.tycho:tycho-embedder-api:jar:1.1.0:compile
[[1;36mDEBUG[m]          org.eclipse.tycho:org.eclipse.tycho.embedder.shared:jar:1.1.0:compile
[[1;36mDEBUG[m]       org.eclipse.tycho:org.eclipse.tycho.core.shared:jar:1.1.0:compile
[[1;36mDEBUG[m]       org.apache.maven:maven-compat:jar:3.0:compile
[[1;36mDEBUG[m]    net.sf.saxon:saxon:jar:8.7:compile
[[1;36mDEBUG[m]    net.sf.saxon:saxon-dom:jar:8.7:compile
[[1;36mDEBUG[m]    org.jboss:jboss-dmr:jar:1.2.0.Final:compile
[[1;36mDEBUG[m]    com.googlecode.maven-download-plugin:download-maven-plugin:jar:1.2.0:compile
[[1;36mDEBUG[m]       org.apache.maven:maven-artifact:jar:2.0:compile
[[1;36mDEBUG[m]       org.apache.maven:maven-project:jar:2.0:compile
[[1;36mDEBUG[m]          org.apache.maven:maven-profile:jar:2.0:compile
[[1;36mDEBUG[m]          org.apache.maven:maven-artifact-manager:jar:2.0:compile
[[1;36mDEBUG[m]          org.codehaus.plexus:plexus-container-default:jar:1.0-alpha-8:compile
[[1;36mDEBUG[m]             junit:junit:jar:3.8.1:compile
[[1;36mDEBUG[m]             classworlds:classworlds:jar:1.1-alpha-2:compile
[[1;36mDEBUG[m]       commons-io:commons-io:jar:1.4:compile
[[1;36mDEBUG[m]       org.apache.httpcomponents:httpclient:jar:4.0-beta2:compile
[[1;36mDEBUG[m]          org.apache.httpcomponents:httpcore:jar:4.0-beta3:compile
[[1;36mDEBUG[m]          commons-logging:commons-logging:jar:1.1.1:compile
[[1;36mDEBUG[m]          commons-codec:commons-codec:jar:1.3:compile
[[1;36mDEBUG[m]       org.apache.maven.wagon:wagon-provider-api:jar:2.4:compile
[[1;36mDEBUG[m]    org.eclipse.jgit:org.eclipse.jgit:jar:3.6.0.201411121045-m1:compile
[[1;36mDEBUG[m]       com.jcraft:jsch:jar:0.1.50:compile
[[1;36mDEBUG[m]       com.googlecode.javaewah:JavaEWAH:jar:0.7.9:compile
[[1;36mDEBUG[m]    pl.project13.maven:git-commit-id-plugin:jar:2.1.13:compile
[[1;36mDEBUG[m]       com.fasterxml.jackson.core:jackson-databind:jar:2.2.3:compile
[[1;36mDEBUG[m]          com.fasterxml.jackson.core:jackson-annotations:jar:2.2.3:compile
[[1;36mDEBUG[m]          com.fasterxml.jackson.core:jackson-core:jar:2.2.3:compile
[[1;36mDEBUG[m]       joda-time:joda-time:jar:2.0:compile
[[1;36mDEBUG[m]       com.google.guava:guava:jar:15.0:compile
[[1;36mDEBUG[m]       com.intellij:annotations:jar:9.0.4:compile
[[1;36mDEBUG[m]    org.tukaani:xz:jar:1.5:compile
[[1;36mDEBUG[m]    org.jsoup:jsoup:jar:1.10.2:compile
[[1;36mDEBUG[m]    org.apache.maven:maven-plugin-api:jar:3.0:compile
[[1;36mDEBUG[m]       org.apache.maven:maven-model:jar:3.0:compile
[[1;36mDEBUG[m]       org.sonatype.sisu:sisu-inject-plexus:jar:1.4.2:compile
[[1;36mDEBUG[m]          org.sonatype.sisu:sisu-inject-bean:jar:1.4.2:compile
[[1;36mDEBUG[m]             org.sonatype.sisu:sisu-guice:jar:noaop:2.1.7:compile
[[1;36mDEBUG[m]    org.apache.maven:maven-core:jar:3.0:compile
[[1;36mDEBUG[m]       org.apache.maven:maven-settings:jar:3.0:compile
[[1;36mDEBUG[m]       org.apache.maven:maven-settings-builder:jar:3.0:compile
[[1;36mDEBUG[m]       org.apache.maven:maven-repository-metadata:jar:3.0:compile
[[1;36mDEBUG[m]       org.apache.maven:maven-model-builder:jar:3.0:compile
[[1;36mDEBUG[m]       org.apache.maven:maven-aether-provider:jar:3.0:runtime
[[1;36mDEBUG[m]       org.sonatype.aether:aether-impl:jar:1.7:compile
[[1;36mDEBUG[m]          org.sonatype.aether:aether-spi:jar:1.7:compile
[[1;36mDEBUG[m]       org.sonatype.aether:aether-api:jar:1.7:compile
[[1;36mDEBUG[m]       org.sonatype.aether:aether-util:jar:1.7:compile
[[1;36mDEBUG[m]       org.codehaus.plexus:plexus-interpolation:jar:1.14:compile
[[1;36mDEBUG[m]       org.codehaus.plexus:plexus-classworlds:jar:2.2.3:compile
[[1;36mDEBUG[m]       org.sonatype.plexus:plexus-sec-dispatcher:jar:1.3:compile
[[1;36mDEBUG[m]          org.sonatype.plexus:plexus-cipher:jar:1.4:compile
[[1;36mDEBUG[m]    org.codehaus.plexus:plexus-component-annotations:jar:1.5.4:compile
[[1;36mDEBUG[m] Created new class realm plugin>org.jboss.tools.tycho-plugins:repository-utils:1.1.0
[[1;36mDEBUG[m] Importing foreign packages into class realm plugin>org.jboss.tools.tycho-plugins:repository-utils:1.1.0
[[1;36mDEBUG[m]   Imported:  < project>at.splendit:eu.jsparrow:2.5.1-SNAPSHOT
[[1;36mDEBUG[m] Populating class realm plugin>org.jboss.tools.tycho-plugins:repository-utils:1.1.0
[[1;36mDEBUG[m]   Included: org.jboss.tools.tycho-plugins:repository-utils:jar:1.1.0
[[1;36mDEBUG[m]   Included: org.eclipse.tycho:tycho-packaging-plugin:jar:1.1.0
[[1;36mDEBUG[m]   Included: org.codehaus.plexus:plexus-utils:jar:3.0.24
[[1;36mDEBUG[m]   Included: org.apache.maven:maven-archiver:jar:2.5
[[1;36mDEBUG[m]   Included: org.codehaus.plexus:plexus-archiver:jar:3.4
[[1;36mDEBUG[m]   Included: org.codehaus.plexus:plexus-io:jar:2.7.1
[[1;36mDEBUG[m]   Included: org.apache.commons:commons-compress:jar:1.11
[[1;36mDEBUG[m]   Included: org.iq80.snappy:snappy:jar:0.4
[[1;36mDEBUG[m]   Included: org.eclipse.tycho:org.eclipse.osgi.compatibility.state:jar:1.1.100.v20171116-1513
[[1;36mDEBUG[m]   Included: net.sf.saxon:saxon:jar:8.7
[[1;36mDEBUG[m]   Included: net.sf.saxon:saxon-dom:jar:8.7
[[1;36mDEBUG[m]   Included: org.jboss:jboss-dmr:jar:1.2.0.Final
[[1;36mDEBUG[m]   Included: com.googlecode.maven-download-plugin:download-maven-plugin:jar:1.2.0
[[1;36mDEBUG[m]   Included: junit:junit:jar:3.8.1
[[1;36mDEBUG[m]   Included: commons-io:commons-io:jar:1.4
[[1;36mDEBUG[m]   Included: org.apache.httpcomponents:httpclient:jar:4.0-beta2
[[1;36mDEBUG[m]   Included: org.apache.httpcomponents:httpcore:jar:4.0-beta3
[[1;36mDEBUG[m]   Included: commons-logging:commons-logging:jar:1.1.1
[[1;36mDEBUG[m]   Included: commons-codec:commons-codec:jar:1.3
[[1;36mDEBUG[m]   Included: org.eclipse.jgit:org.eclipse.jgit:jar:3.6.0.201411121045-m1
[[1;36mDEBUG[m]   Included: com.jcraft:jsch:jar:0.1.50
[[1;36mDEBUG[m]   Included: com.googlecode.javaewah:JavaEWAH:jar:0.7.9
[[1;36mDEBUG[m]   Included: pl.project13.maven:git-commit-id-plugin:jar:2.1.13
[[1;36mDEBUG[m]   Included: com.fasterxml.jackson.core:jackson-databind:jar:2.2.3
[[1;36mDEBUG[m]   Included: com.fasterxml.jackson.core:jackson-annotations:jar:2.2.3
[[1;36mDEBUG[m]   Included: com.fasterxml.jackson.core:jackson-core:jar:2.2.3
[[1;36mDEBUG[m]   Included: joda-time:joda-time:jar:2.0
[[1;36mDEBUG[m]   Included: com.google.guava:guava:jar:15.0
[[1;36mDEBUG[m]   Included: com.intellij:annotations:jar:9.0.4
[[1;36mDEBUG[m]   Included: org.tukaani:xz:jar:1.5
[[1;36mDEBUG[m]   Included: org.jsoup:jsoup:jar:1.10.2
[[1;36mDEBUG[m]   Included: org.sonatype.sisu:sisu-inject-bean:jar:1.4.2
[[1;36mDEBUG[m]   Included: org.sonatype.sisu:sisu-guice:jar:noaop:2.1.7
[[1;36mDEBUG[m]   Included: org.sonatype.aether:aether-util:jar:1.7
[[1;36mDEBUG[m]   Included: org.codehaus.plexus:plexus-interpolation:jar:1.14
[[1;36mDEBUG[m]   Included: org.sonatype.plexus:plexus-sec-dispatcher:jar:1.3
[[1;36mDEBUG[m]   Included: org.sonatype.plexus:plexus-cipher:jar:1.4
[[1;36mDEBUG[m]   Included: org.codehaus.plexus:plexus-component-annotations:jar:1.5.4
[[1;36mDEBUG[m] Dependency collection stats: {ConflictMarker.analyzeTime=267155, ConflictMarker.markTime=88912, ConflictMarker.nodeCount=155, ConflictIdSorter.graphTime=105195, ConflictIdSorter.topsortTime=36993, ConflictIdSorter.conflictIdCount=45, ConflictIdSorter.conflictIdCycleCount=0, ConflictResolver.totalTime=1065163, ConflictResolver.conflictItemCount=105, DefaultDependencyCollector.collectTime=9576860, DefaultDependencyCollector.transformTime=1584735}
[[1;36mDEBUG[m] org.eclipse.tycho:tycho-p2-publisher-plugin:jar:1.0.0:
[[1;36mDEBUG[m]    org.apache.maven:maven-plugin-api:jar:3.0:compile
[[1;36mDEBUG[m]       org.apache.maven:maven-model:jar:3.0:compile
[[1;36mDEBUG[m]       org.apache.maven:maven-artifact:jar:3.0:compile
[[1;36mDEBUG[m]       org.sonatype.sisu:sisu-inject-plexus:jar:1.4.2:compile
[[1;36mDEBUG[m]          org.sonatype.sisu:sisu-inject-bean:jar:1.4.2:compile
[[1;36mDEBUG[m]             org.sonatype.sisu:sisu-guice:jar:noaop:2.1.7:compile
[[1;36mDEBUG[m]    org.apache.maven:maven-core:jar:3.0:compile
[[1;36mDEBUG[m]       org.apache.maven:maven-settings:jar:3.0:compile
[[1;36mDEBUG[m]       org.apache.maven:maven-settings-builder:jar:3.0:compile
[[1;36mDEBUG[m]       org.apache.maven:maven-repository-metadata:jar:3.0:compile
[[1;36mDEBUG[m]       org.apache.maven:maven-model-builder:jar:3.0:compile
[[1;36mDEBUG[m]       org.apache.maven:maven-aether-provider:jar:3.0:runtime
[[1;36mDEBUG[m]       org.sonatype.aether:aether-impl:jar:1.7:compile
[[1;36mDEBUG[m]          org.sonatype.aether:aether-spi:jar:1.7:compile
[[1;36mDEBUG[m]       org.sonatype.aether:aether-api:jar:1.7:compile
[[1;36mDEBUG[m]       org.sonatype.aether:aether-util:jar:1.7:compile
[[1;36mDEBUG[m]       org.codehaus.plexus:plexus-interpolation:jar:1.14:compile
[[1;36mDEBUG[m]       org.codehaus.plexus:plexus-utils:jar:3.0.7:compile
[[1;36mDEBUG[m]       org.codehaus.plexus:plexus-classworlds:jar:2.2.3:compile
[[1;36mDEBUG[m]       org.codehaus.plexus:plexus-component-annotations:jar:1.5.5:compile
[[1;36mDEBUG[m]       org.sonatype.plexus:plexus-sec-dispatcher:jar:1.3:compile
[[1;36mDEBUG[m]          org.sonatype.plexus:plexus-cipher:jar:1.7:compile
[[1;36mDEBUG[m]    org.apache.commons:commons-lang3:jar:3.1:compile
[[1;36mDEBUG[m]    org.eclipse.tycho:tycho-p2-facade:jar:1.0.0:compile
[[1;36mDEBUG[m]       org.eclipse.tycho:tycho-core:jar:1.0.0:compile
[[1;36mDEBUG[m]          org.eclipse.tycho:org.eclipse.osgi.compatibility.state:jar:1.0.200.v20160504-1419:compile
[[1;36mDEBUG[m]          org.eclipse.tycho:tycho-metadata-model:jar:1.0.0:compile
[[1;36mDEBUG[m]             de.pdark:decentxml:jar:1.3:compile
[[1;36mDEBUG[m]          org.eclipse.tycho:tycho-embedder-api:jar:1.0.0:compile
[[1;36mDEBUG[m]             org.eclipse.tycho:org.eclipse.tycho.embedder.shared:jar:1.0.0:compile
[[1;36mDEBUG[m]          org.eclipse.tycho:org.eclipse.tycho.core.shared:jar:1.0.0:compile
[[1;36mDEBUG[m]          org.apache.maven:maven-compat:jar:3.0:compile
[[1;36mDEBUG[m]             org.apache.maven.wagon:wagon-provider-api:jar:1.0-beta-6:compile
[[1;36mDEBUG[m]       org.eclipse.tycho:sisu-equinox-embedder:jar:1.0.0:compile
[[1;36mDEBUG[m]          org.eclipse.tycho:org.eclipse.osgi:jar:3.11.2.v20161107-1947:compile
[[1;36mDEBUG[m]          org.eclipse.tycho:sisu-equinox-api:jar:1.0.0:compile
[[1;36mDEBUG[m]       org.eclipse.tycho:org.eclipse.tycho.p2.resolver.shared:jar:1.0.0:compile
[[1;36mDEBUG[m]       org.eclipse.tycho:org.eclipse.tycho.p2.tools.shared:jar:1.0.0:compile
[[1;36mDEBUG[m]    org.eclipse.tycho:tycho-packaging-plugin:jar:1.0.0:compile
[[1;36mDEBUG[m]       org.apache.maven:maven-archiver:jar:2.5:compile
[[1;36mDEBUG[m]       org.codehaus.plexus:plexus-archiver:jar:2.9.1:compile
[[1;36mDEBUG[m]          org.codehaus.plexus:plexus-io:jar:2.4.1:compile
[[1;36mDEBUG[m]             commons-io:commons-io:jar:2.2:compile
[[1;36mDEBUG[m]          org.apache.commons:commons-compress:jar:1.9:compile
[[1;36mDEBUG[m] Created new class realm plugin>org.eclipse.tycho:tycho-p2-publisher-plugin:1.0.0
[[1;36mDEBUG[m] Importing foreign packages into class realm plugin>org.eclipse.tycho:tycho-p2-publisher-plugin:1.0.0
[[1;36mDEBUG[m]   Imported:  < project>at.splendit:eu.jsparrow:2.5.1-SNAPSHOT
[[1;36mDEBUG[m] Populating class realm plugin>org.eclipse.tycho:tycho-p2-publisher-plugin:1.0.0
[[1;36mDEBUG[m]   Included: org.eclipse.tycho:tycho-p2-publisher-plugin:jar:1.0.0
[[1;36mDEBUG[m]   Included: org.sonatype.sisu:sisu-inject-bean:jar:1.4.2
[[1;36mDEBUG[m]   Included: org.sonatype.sisu:sisu-guice:jar:noaop:2.1.7
[[1;36mDEBUG[m]   Included: org.sonatype.aether:aether-util:jar:1.7
[[1;36mDEBUG[m]   Included: org.codehaus.plexus:plexus-interpolation:jar:1.14
[[1;36mDEBUG[m]   Included: org.codehaus.plexus:plexus-utils:jar:3.0.7
[[1;36mDEBUG[m]   Included: org.codehaus.plexus:plexus-component-annotations:jar:1.5.5
[[1;36mDEBUG[m]   Included: org.sonatype.plexus:plexus-sec-dispatcher:jar:1.3
[[1;36mDEBUG[m]   Included: org.sonatype.plexus:plexus-cipher:jar:1.7
[[1;36mDEBUG[m]   Included: org.apache.commons:commons-lang3:jar:3.1
[[1;36mDEBUG[m]   Included: org.eclipse.tycho:org.eclipse.osgi.compatibility.state:jar:1.0.200.v20160504-1419
[[1;36mDEBUG[m]   Included: org.eclipse.tycho:tycho-packaging-plugin:jar:1.0.0
[[1;36mDEBUG[m]   Included: org.apache.maven:maven-archiver:jar:2.5
[[1;36mDEBUG[m]   Included: org.codehaus.plexus:plexus-archiver:jar:2.9.1
[[1;36mDEBUG[m]   Included: org.codehaus.plexus:plexus-io:jar:2.4.1
[[1;36mDEBUG[m]   Included: commons-io:commons-io:jar:2.2
[[1;36mDEBUG[m]   Included: org.apache.commons:commons-compress:jar:1.9
[[1;36mDEBUG[m] Dependency collection stats: {ConflictMarker.analyzeTime=122853, ConflictMarker.markTime=53509, ConflictMarker.nodeCount=102, ConflictIdSorter.graphTime=48823, ConflictIdSorter.topsortTime=32703, ConflictIdSorter.conflictIdCount=46, ConflictIdSorter.conflictIdCycleCount=0, ConflictResolver.totalTime=884509, ConflictResolver.conflictItemCount=101, DefaultDependencyCollector.collectTime=9937358, DefaultDependencyCollector.transformTime=1160877}
[[1;36mDEBUG[m] org.eclipse.tycho:tycho-p2-plugin:jar:1.0.0:
[[1;36mDEBUG[m]    org.apache.maven:maven-plugin-api:jar:3.0:compile
[[1;36mDEBUG[m]       org.apache.maven:maven-model:jar:3.0:compile
[[1;36mDEBUG[m]       org.apache.maven:maven-artifact:jar:3.0:compile
[[1;36mDEBUG[m]       org.sonatype.sisu:sisu-inject-plexus:jar:1.4.2:compile
[[1;36mDEBUG[m]          org.sonatype.sisu:sisu-inject-bean:jar:1.4.2:compile
[[1;36mDEBUG[m]             org.sonatype.sisu:sisu-guice:jar:noaop:2.1.7:compile
[[1;36mDEBUG[m]    org.apache.maven:maven-core:jar:3.0:compile
[[1;36mDEBUG[m]       org.apache.maven:maven-settings:jar:3.0:compile
[[1;36mDEBUG[m]       org.apache.maven:maven-settings-builder:jar:3.0:compile
[[1;36mDEBUG[m]       org.apache.maven:maven-repository-metadata:jar:3.0:compile
[[1;36mDEBUG[m]       org.apache.maven:maven-model-builder:jar:3.0:compile
[[1;36mDEBUG[m]       org.apache.maven:maven-aether-provider:jar:3.0:runtime
[[1;36mDEBUG[m]       org.sonatype.aether:aether-impl:jar:1.7:compile
[[1;36mDEBUG[m]          org.sonatype.aether:aether-spi:jar:1.7:compile
[[1;36mDEBUG[m]       org.sonatype.aether:aether-api:jar:1.7:compile
[[1;36mDEBUG[m]       org.sonatype.aether:aether-util:jar:1.7:compile
[[1;36mDEBUG[m]       org.codehaus.plexus:plexus-interpolation:jar:1.14:compile
[[1;36mDEBUG[m]       org.codehaus.plexus:plexus-utils:jar:3.0.7:compile
[[1;36mDEBUG[m]       org.codehaus.plexus:plexus-classworlds:jar:2.2.3:compile
[[1;36mDEBUG[m]       org.codehaus.plexus:plexus-component-annotations:jar:1.5.5:compile
[[1;36mDEBUG[m]       org.sonatype.plexus:plexus-sec-dispatcher:jar:1.3:compile
[[1;36mDEBUG[m]          org.sonatype.plexus:plexus-cipher:jar:1.7:compile
[[1;36mDEBUG[m]    org.eclipse.tycho:sisu-equinox-launching:jar:1.0.0:compile
[[1;36mDEBUG[m]       org.eclipse.tycho:tycho-core:jar:1.0.0:compile
[[1;36mDEBUG[m]          org.codehaus.plexus:plexus-archiver:jar:2.9.1:compile
[[1;36mDEBUG[m]             org.codehaus.plexus:plexus-io:jar:2.4.1:compile
[[1;36mDEBUG[m]                commons-io:commons-io:jar:2.2:compile
[[1;36mDEBUG[m]             org.apache.commons:commons-compress:jar:1.9:compile
[[1;36mDEBUG[m]          org.eclipse.tycho:org.eclipse.osgi.compatibility.state:jar:1.0.200.v20160504-1419:compile
[[1;36mDEBUG[m]          org.eclipse.tycho:tycho-metadata-model:jar:1.0.0:compile
[[1;36mDEBUG[m]             de.pdark:decentxml:jar:1.3:compile
[[1;36mDEBUG[m]          org.eclipse.tycho:tycho-embedder-api:jar:1.0.0:compile
[[1;36mDEBUG[m]             org.eclipse.tycho:org.eclipse.tycho.embedder.shared:jar:1.0.0:compile
[[1;36mDEBUG[m]          org.eclipse.tycho:org.eclipse.tycho.core.shared:jar:1.0.0:compile
[[1;36mDEBUG[m]          org.apache.maven:maven-compat:jar:3.0:compile
[[1;36mDEBUG[m]             org.apache.maven.wagon:wagon-provider-api:jar:1.0-beta-6:compile
[[1;36mDEBUG[m]       org.eclipse.tycho:sisu-equinox-api:jar:1.0.0:compile
[[1;36mDEBUG[m]       org.apache.commons:commons-exec:jar:1.2:compile
[[1;36mDEBUG[m]    org.eclipse.tycho:tycho-p2-facade:jar:1.0.0:compile
[[1;36mDEBUG[m]       org.eclipse.tycho:sisu-equinox-embedder:jar:1.0.0:compile
[[1;36mDEBUG[m]          org.eclipse.tycho:org.eclipse.osgi:jar:3.11.2.v20161107-1947:compile
[[1;36mDEBUG[m]       org.eclipse.tycho:org.eclipse.tycho.p2.resolver.shared:jar:1.0.0:compile
[[1;36mDEBUG[m]       org.eclipse.tycho:org.eclipse.tycho.p2.tools.shared:jar:1.0.0:compile
[[1;36mDEBUG[m]    org.eclipse.tycho:tycho-artifactcomparator:jar:1.0.0:compile
[[1;36mDEBUG[m]       org.ow2.asm:asm-debug-all:jar:5.0.3:compile
[[1;36mDEBUG[m] Created new class realm plugin>org.eclipse.tycho:tycho-p2-plugin:1.0.0
[[1;36mDEBUG[m] Importing foreign packages into class realm plugin>org.eclipse.tycho:tycho-p2-plugin:1.0.0
[[1;36mDEBUG[m]   Imported:  < project>at.splendit:eu.jsparrow:2.5.1-SNAPSHOT
[[1;36mDEBUG[m] Populating class realm plugin>org.eclipse.tycho:tycho-p2-plugin:1.0.0
[[1;36mDEBUG[m]   Included: org.eclipse.tycho:tycho-p2-plugin:jar:1.0.0
[[1;36mDEBUG[m]   Included: org.sonatype.sisu:sisu-inject-bean:jar:1.4.2
[[1;36mDEBUG[m]   Included: org.sonatype.sisu:sisu-guice:jar:noaop:2.1.7
[[1;36mDEBUG[m]   Included: org.sonatype.aether:aether-util:jar:1.7
[[1;36mDEBUG[m]   Included: org.codehaus.plexus:plexus-interpolation:jar:1.14
[[1;36mDEBUG[m]   Included: org.codehaus.plexus:plexus-utils:jar:3.0.7
[[1;36mDEBUG[m]   Included: org.codehaus.plexus:plexus-component-annotations:jar:1.5.5
[[1;36mDEBUG[m]   Included: org.sonatype.plexus:plexus-sec-dispatcher:jar:1.3
[[1;36mDEBUG[m]   Included: org.sonatype.plexus:plexus-cipher:jar:1.7
[[1;36mDEBUG[m]   Included: org.eclipse.tycho:sisu-equinox-launching:jar:1.0.0
[[1;36mDEBUG[m]   Included: org.codehaus.plexus:plexus-archiver:jar:2.9.1
[[1;36mDEBUG[m]   Included: org.codehaus.plexus:plexus-io:jar:2.4.1
[[1;36mDEBUG[m]   Included: commons-io:commons-io:jar:2.2
[[1;36mDEBUG[m]   Included: org.apache.commons:commons-compress:jar:1.9
[[1;36mDEBUG[m]   Included: org.eclipse.tycho:org.eclipse.osgi.compatibility.state:jar:1.0.200.v20160504-1419
[[1;36mDEBUG[m]   Included: org.apache.commons:commons-exec:jar:1.2
[[1;36mDEBUG[m]   Included: org.eclipse.tycho:tycho-artifactcomparator:jar:1.0.0
[[1;36mDEBUG[m]   Included: org.ow2.asm:asm-debug-all:jar:5.0.3
[[1;36mDEBUG[m] target-platform-configuration for MavenProject: at.splendit:eu.jsparrow.i18n:2.5.1-SNAPSHOT @ /home/mgh/eclipse/ws/photon/simonykees/bundles/i18n/pom.xml:
<?xml version="1.0" encoding="UTF-8"?>
<configuration>
  <resolver>p2</resolver>
  <pomDependencies>consider</pomDependencies>
  <environments>
    <environment>
      <os>linux</os>
      <ws>gtk</ws>
      <arch>x86_64</arch>
    </environment>
  </environments>
</configuration>
[[1;36mDEBUG[m] Dependency collection stats: {ConflictMarker.analyzeTime=75114, ConflictMarker.markTime=42684, ConflictMarker.nodeCount=102, ConflictIdSorter.graphTime=33546, ConflictIdSorter.topsortTime=34930, ConflictIdSorter.conflictIdCount=46, ConflictIdSorter.conflictIdCycleCount=0, ConflictResolver.totalTime=992406, ConflictResolver.conflictItemCount=101, DefaultDependencyCollector.collectTime=2379361, DefaultDependencyCollector.transformTime=1201461}
[[1;36mDEBUG[m] org.eclipse.tycho:tycho-p2-plugin:jar:1.0.0:
[[1;36mDEBUG[m]    org.apache.maven:maven-plugin-api:jar:3.0:compile
[[1;36mDEBUG[m]       org.apache.maven:maven-model:jar:3.0:compile
[[1;36mDEBUG[m]       org.apache.maven:maven-artifact:jar:3.0:compile
[[1;36mDEBUG[m]       org.sonatype.sisu:sisu-inject-plexus:jar:1.4.2:compile
[[1;36mDEBUG[m]          org.sonatype.sisu:sisu-inject-bean:jar:1.4.2:compile
[[1;36mDEBUG[m]             org.sonatype.sisu:sisu-guice:jar:noaop:2.1.7:compile
[[1;36mDEBUG[m]    org.apache.maven:maven-core:jar:3.0:compile
[[1;36mDEBUG[m]       org.apache.maven:maven-settings:jar:3.0:compile
[[1;36mDEBUG[m]       org.apache.maven:maven-settings-builder:jar:3.0:compile
[[1;36mDEBUG[m]       org.apache.maven:maven-repository-metadata:jar:3.0:compile
[[1;36mDEBUG[m]       org.apache.maven:maven-model-builder:jar:3.0:compile
[[1;36mDEBUG[m]       org.apache.maven:maven-aether-provider:jar:3.0:runtime
[[1;36mDEBUG[m]       org.sonatype.aether:aether-impl:jar:1.7:compile
[[1;36mDEBUG[m]          org.sonatype.aether:aether-spi:jar:1.7:compile
[[1;36mDEBUG[m]       org.sonatype.aether:aether-api:jar:1.7:compile
[[1;36mDEBUG[m]       org.sonatype.aether:aether-util:jar:1.7:compile
[[1;36mDEBUG[m]       org.codehaus.plexus:plexus-interpolation:jar:1.14:compile
[[1;36mDEBUG[m]       org.codehaus.plexus:plexus-utils:jar:3.0.7:compile
[[1;36mDEBUG[m]       org.codehaus.plexus:plexus-classworlds:jar:2.2.3:compile
[[1;36mDEBUG[m]       org.codehaus.plexus:plexus-component-annotations:jar:1.5.5:compile
[[1;36mDEBUG[m]       org.sonatype.plexus:plexus-sec-dispatcher:jar:1.3:compile
[[1;36mDEBUG[m]          org.sonatype.plexus:plexus-cipher:jar:1.7:compile
[[1;36mDEBUG[m]    org.eclipse.tycho:sisu-equinox-launching:jar:1.0.0:compile
[[1;36mDEBUG[m]       org.eclipse.tycho:tycho-core:jar:1.0.0:compile
[[1;36mDEBUG[m]          org.codehaus.plexus:plexus-archiver:jar:2.9.1:compile
[[1;36mDEBUG[m]             org.codehaus.plexus:plexus-io:jar:2.4.1:compile
[[1;36mDEBUG[m]                commons-io:commons-io:jar:2.2:compile
[[1;36mDEBUG[m]             org.apache.commons:commons-compress:jar:1.9:compile
[[1;36mDEBUG[m]          org.eclipse.tycho:org.eclipse.osgi.compatibility.state:jar:1.0.200.v20160504-1419:compile
[[1;36mDEBUG[m]          org.eclipse.tycho:tycho-metadata-model:jar:1.0.0:compile
[[1;36mDEBUG[m]             de.pdark:decentxml:jar:1.3:compile
[[1;36mDEBUG[m]          org.eclipse.tycho:tycho-embedder-api:jar:1.0.0:compile
[[1;36mDEBUG[m]             org.eclipse.tycho:org.eclipse.tycho.embedder.shared:jar:1.0.0:compile
[[1;36mDEBUG[m]          org.eclipse.tycho:org.eclipse.tycho.core.shared:jar:1.0.0:compile
[[1;36mDEBUG[m]          org.apache.maven:maven-compat:jar:3.0:compile
[[1;36mDEBUG[m]             org.apache.maven.wagon:wagon-provider-api:jar:1.0-beta-6:compile
[[1;36mDEBUG[m]       org.eclipse.tycho:sisu-equinox-api:jar:1.0.0:compile
[[1;36mDEBUG[m]       org.apache.commons:commons-exec:jar:1.2:compile
[[1;36mDEBUG[m]    org.eclipse.tycho:tycho-p2-facade:jar:1.0.0:compile
[[1;36mDEBUG[m]       org.eclipse.tycho:sisu-equinox-embedder:jar:1.0.0:compile
[[1;36mDEBUG[m]          org.eclipse.tycho:org.eclipse.osgi:jar:3.11.2.v20161107-1947:compile
[[1;36mDEBUG[m]       org.eclipse.tycho:org.eclipse.tycho.p2.resolver.shared:jar:1.0.0:compile
[[1;36mDEBUG[m]       org.eclipse.tycho:org.eclipse.tycho.p2.tools.shared:jar:1.0.0:compile
[[1;36mDEBUG[m]    org.eclipse.tycho:tycho-artifactcomparator:jar:1.0.0:compile
[[1;36mDEBUG[m]       org.ow2.asm:asm-debug-all:jar:5.0.3:compile
[[1;36mDEBUG[m] Created new class realm plugin>org.eclipse.tycho:tycho-p2-plugin:1.0.0--1196907904
[[1;36mDEBUG[m] Importing foreign packages into class realm plugin>org.eclipse.tycho:tycho-p2-plugin:1.0.0--1196907904
[[1;36mDEBUG[m]   Imported:  < project>at.splendit:eu.jsparrow:2.5.1-SNAPSHOT
[[1;36mDEBUG[m] Populating class realm plugin>org.eclipse.tycho:tycho-p2-plugin:1.0.0--1196907904
[[1;36mDEBUG[m]   Included: org.eclipse.tycho:tycho-p2-plugin:jar:1.0.0
[[1;36mDEBUG[m]   Included: org.sonatype.sisu:sisu-inject-bean:jar:1.4.2
[[1;36mDEBUG[m]   Included: org.sonatype.sisu:sisu-guice:jar:noaop:2.1.7
[[1;36mDEBUG[m]   Included: org.sonatype.aether:aether-util:jar:1.7
[[1;36mDEBUG[m]   Included: org.codehaus.plexus:plexus-interpolation:jar:1.14
[[1;36mDEBUG[m]   Included: org.codehaus.plexus:plexus-utils:jar:3.0.7
[[1;36mDEBUG[m]   Included: org.codehaus.plexus:plexus-component-annotations:jar:1.5.5
[[1;36mDEBUG[m]   Included: org.sonatype.plexus:plexus-sec-dispatcher:jar:1.3
[[1;36mDEBUG[m]   Included: org.sonatype.plexus:plexus-cipher:jar:1.7
[[1;36mDEBUG[m]   Included: org.eclipse.tycho:sisu-equinox-launching:jar:1.0.0
[[1;36mDEBUG[m]   Included: org.codehaus.plexus:plexus-archiver:jar:2.9.1
[[1;36mDEBUG[m]   Included: org.codehaus.plexus:plexus-io:jar:2.4.1
[[1;36mDEBUG[m]   Included: commons-io:commons-io:jar:2.2
[[1;36mDEBUG[m]   Included: org.apache.commons:commons-compress:jar:1.9
[[1;36mDEBUG[m]   Included: org.eclipse.tycho:org.eclipse.osgi.compatibility.state:jar:1.0.200.v20160504-1419
[[1;36mDEBUG[m]   Included: org.apache.commons:commons-exec:jar:1.2
[[1;36mDEBUG[m]   Included: org.eclipse.tycho:tycho-artifactcomparator:jar:1.0.0
[[1;36mDEBUG[m]   Included: org.ow2.asm:asm-debug-all:jar:5.0.3
[[1;36mDEBUG[m] target-platform-configuration for MavenProject: at.splendit:eu.jsparrow.logging:2.5.1-SNAPSHOT @ /home/mgh/eclipse/ws/photon/simonykees/bundles/logging/pom.xml:
<?xml version="1.0" encoding="UTF-8"?>
<configuration>
  <resolver>p2</resolver>
  <pomDependencies>consider</pomDependencies>
  <environments>
    <environment>
      <os>linux</os>
      <ws>gtk</ws>
      <arch>x86_64</arch>
    </environment>
  </environments>
</configuration>
[[1;36mDEBUG[m] target-platform-configuration for MavenProject: at.splendit:eu.jsparrow.rules.api:2.5.1-SNAPSHOT @ /home/mgh/eclipse/ws/photon/simonykees/bundles/rules.api/pom.xml:
<?xml version="1.0" encoding="UTF-8"?>
<configuration>
  <resolver>p2</resolver>
  <pomDependencies>consider</pomDependencies>
  <environments>
    <environment>
      <os>linux</os>
      <ws>gtk</ws>
      <arch>x86_64</arch>
    </environment>
  </environments>
</configuration>
[[1;36mDEBUG[m] target-platform-configuration for MavenProject: at.splendit:eu.jsparrow.rules.imports:2.5.1-SNAPSHOT @ /home/mgh/eclipse/ws/photon/simonykees/bundles/rules.imports/pom.xml:
<?xml version="1.0" encoding="UTF-8"?>
<configuration>
  <target>
    <artifact>
      <groupId>at.splendit</groupId>
      <artifactId>eu.jsparrow.rules.imports</artifactId>
      <version>2.5.1-SNAPSHOT</version>
      <classifier>neon</classifier>
    </artifact>
  </target>
  <resolver>p2</resolver>
  <pomDependencies>consider</pomDependencies>
  <environments>
    <environment>
      <os>linux</os>
      <ws>gtk</ws>
      <arch>x86_64</arch>
    </environment>
  </environments>
</configuration>
[[1;36mDEBUG[m] target-platform-configuration for MavenProject: at.splendit:eu.jsparrow.license.api:2.5.1-SNAPSHOT @ /home/mgh/eclipse/ws/photon/simonykees/bundles/license.api/pom.xml:
<?xml version="1.0" encoding="UTF-8"?>
<configuration>
  <resolver>p2</resolver>
  <pomDependencies>consider</pomDependencies>
  <environments>
    <environment>
      <os>linux</os>
      <ws>gtk</ws>
      <arch>x86_64</arch>
    </environment>
  </environments>
</configuration>
[[1;36mDEBUG[m] target-platform-configuration for MavenProject: at.splendit:eu.jsparrow.license.netlicensing:2.5.1-SNAPSHOT @ /home/mgh/eclipse/ws/photon/simonykees/bundles/license.netlicensing/pom.xml:
<?xml version="1.0" encoding="UTF-8"?>
<configuration>
  <resolver>p2</resolver>
  <pomDependencies>consider</pomDependencies>
  <environments>
    <environment>
      <os>linux</os>
      <ws>gtk</ws>
      <arch>x86_64</arch>
    </environment>
  </environments>
</configuration>
[[1;36mDEBUG[m] target-platform-configuration for MavenProject: at.splendit:eu.jsparrow.core:2.5.1-SNAPSHOT @ /home/mgh/eclipse/ws/photon/simonykees/bundles/core/pom.xml:
<?xml version="1.0" encoding="UTF-8"?>
<configuration>
  <resolver>p2</resolver>
  <pomDependencies>consider</pomDependencies>
  <environments>
    <environment>
      <os>linux</os>
      <ws>gtk</ws>
      <arch>x86_64</arch>
    </environment>
  </environments>
</configuration>
[[1;36mDEBUG[m] target-platform-configuration for MavenProject: at.splendit:eu.jsparrow.ui:2.5.1-SNAPSHOT @ /home/mgh/eclipse/ws/photon/simonykees/bundles/ui/pom.xml:
<?xml version="1.0" encoding="UTF-8"?>
<configuration>
  <resolver>p2</resolver>
  <pomDependencies>consider</pomDependencies>
  <environments>
    <environment>
      <os>linux</os>
      <ws>gtk</ws>
      <arch>x86_64</arch>
    </environment>
  </environments>
</configuration>
[[1;36mDEBUG[m] target-platform-configuration for MavenProject: at.splendit:eu.jsparrow.standalone:2.5.1-SNAPSHOT @ /home/mgh/eclipse/ws/photon/simonykees/bundles/standalone/pom.xml:
<?xml version="1.0" encoding="UTF-8"?>
<configuration>
  <resolver>p2</resolver>
  <pomDependencies>consider</pomDependencies>
  <environments>
    <environment>
      <os>linux</os>
      <ws>gtk</ws>
      <arch>x86_64</arch>
    </environment>
  </environments>
</configuration>
